451175976;true;1.0;-1
1
0	1	3	3	3	3	979	1292	1292	1292	1292	
1	1	3	3	3	3	980	1292	1292	1292	1292	
2	1	3	3	3	3	981	1292	1292	1292	1292	
3	1	3	3	3	3	982	1292	1292	1292	1292	
4	1	3	3	3	3	983	1292	1292	1292	1292	
5	1	3	3	3	3	984	1292	1292	1292	1292	
6	1	3	3	3	3	985	1292	1292	1292	1292	
7	1	3	3	3	3	986	1292	1292	1292	1292	
8	1	3	3	3	3	987	1292	1292	1292	1292	
9	1	3	3	3	3	988	1292	1292	1292	1292	
10	1	3	3	3	3	989	1292	1292	1292	1292	
11	1	3	3	3	3	990	1292	1292	1292	1292	
12	1	3	3	3	3	991	1292	1292	1292	1292	
13	1	3	3	3	3	992	1292	1292	1292	1292	
14	1	3	3	3	3	993	1292	1292	1292	1292	
15	1	3	3	3	3	994	1292	1292	1292	1292	
16	1	3	3	3	3	995	1292	1292	1292	1292	
17	1	3	3	3	3	996	1292	1292	1292	1292	
18	0	3	3	3	3	926	1292	1292	1292	1292	
19	0	3	3	3	3	922	1292	1292	1292	1292	
20	0	3	3	3	3	918	1292	1292	1292	1292	
21	0	3	3	3	3	914	1292	1292	1292	1292	
22	0	3	3	3	3	910	1292	1292	1292	1292	
23	0	3	3	3	3	906	1292	1292	1292	1292	
24	0	3	3	3	3	902	1292	1292	1292	1292	
25	0	3	3	3	3	898	1292	1292	1292	1292	
26	0	3	3	3	3	894	1292	1292	1292	1292	
27	0	3	3	3	3	890	1292	1292	1292	1292	
28	0	3	3	3	3	886	1292	1292	1292	1292	
29	0	3	3	3	3	859	1292	1292	1292	1292	
30	1	3	3	3	3	860	1292	1292	1292	1292	
31	1	3	3	3	3	861	1292	1292	1292	1292	
32	1	3	3	3	3	862	1292	1292	1292	1292	
33	1	3	3	3	3	863	1292	1292	1292	1292	
34	1	3	3	3	3	864	1292	1292	1292	1292	
35	1	3	3	3	3	865	1292	1292	1292	1292	
36	1	3	3	3	3	866	1292	1292	1292	1292	
37	1	3	3	3	3	867	1292	1292	1292	1292	
38	1	3	3	3	3	868	1292	1292	1292	1292	
39	1	3	3	3	3	869	1292	1292	1292	1292	
40	1	3	3	3	3	870	497	1292	1292	1292	
41	1	3	3	3	3	871	496	1292	1292	1292	
42	1	3	3	3	3	872	495	1292	1292	1292	
43	1	3	3	3	3	873	494	1292	1292	1292	
44	1	3	3	3	3	874	493	1292	1292	1292	
45	1	3	3	3	3	875	492	1292	1292	1292	
46	1	3	3	3	3	876	491	1292	1292	1292	
47	1	3	3	3	3	877	490	1292	1292	1292	
48	1	3	3	3	3	878	489	1292	1292	1292	
49	1	3	3	3	3	879	488	1292	1292	1292	
50	1	3	3	3	3	880	487	1292	1292	1292	
51	1	3	3	3	3	881	486	1292	1292	1292	
52	1	3	3	3	3	882	485	1292	1292	1292	
53	1	3	3	3	3	883	484	1292	1292	1292	
54	0	3	3	3	3	809	483	1292	1292	1292	
55	0	3	3	3	3	805	482	1292	1292	1292	
56	0	3	3	3	3	801	481	1292	1292	1292	
57	0	3	3	3	3	797	480	1292	1292	1292	
58	0	0	3	3	3	793	453	1292	1292	1292	
59	0	0	3	3	3	789	449	1292	1292	1292	
60	0	0	3	3	3	785	445	1292	1292	1292	
61	0	0	3	3	3	781	441	1292	1292	1292	
62	0	0	3	3	3	777	437	1292	1292	1292	
63	0	0	3	3	3	773	433	1292	1292	1292	
64	0	0	3	3	3	769	429	1292	1292	1292	
65	0	0	3	3	3	753	425	1292	1292	1292	
66	0	0	3	3	3	678	421	1292	1292	1292	
67	0	0	3	3	3	672	417	1292	1292	1292	
68	0	0	3	3	3	666	413	1292	1292	1292	
69	0	0	3	3	3	660	361	1292	1292	1292	
70	0	3	3	3	3	654	360	1292	1292	1292	
71	0	3	3	3	3	648	359	1292	1292	1292	
72	0	3	3	3	3	642	358	1292	1292	1292	
73	0	3	3	3	3	636	357	1292	1292	1292	
74	0	3	3	3	3	630	356	1292	1292	1292	
75	0	3	3	3	3	624	355	1292	1292	1292	
76	0	3	3	3	3	618	354	1292	1292	1292	
77	0	3	3	3	3	612	353	1292	1292	1292	
78	0	3	3	3	3	584	352	1292	1292	1292	
79	0	3	3	3	3	580	351	1292	1292	1292	
80	0	3	3	3	3	576	350	1292	1292	1292	
81	0	3	3	3	3	572	349	1292	1292	1292	
82	0	0	3	3	3	568	331	1292	1292	1292	
83	0	0	3	3	3	564	325	1292	1292	1292	
84	0	0	3	3	3	560	319	1292	1292	1292	
85	0	0	3	3	3	556	313	1292	1292	1292	
86	0	0	3	3	3	552	307	1292	1292	1292	
87	0	0	3	3	3	548	301	1292	1292	1292	
88	0	0	3	3	3	544	295	1292	1292	1292	
89	0	0	3	3	3	540	289	1292	1292	1292	
90	0	0	3	3	3	455	283	1292	1292	1292	
91	0	0	3	3	3	451	277	1292	1292	1292	
92	0	0	3	3	3	447	271	1292	1292	1292	
93	0	0	3	3	3	443	265	1292	1292	1292	
94	0	0	3	3	3	439	259	1292	1292	1292	
95	0	0	3	3	3	435	253	1292	1292	1292	
96	0	0	3	3	3	431	247	1292	1292	1292	
97	0	0	3	3	3	427	165	1292	1292	1292	
98	0	3	3	3	3	423	164	1292	1292	1292	
99	0	3	3	3	3	419	163	1292	1292	1292	
100	0	3	3	3	3	415	162	1292	1292	1292	
101	0	3	3	3	3	399	161	1292	1292	1292	
102	0	3	3	3	3	335	160	1292	1292	1292	
103	0	3	3	3	3	329	159	1292	1292	1292	
104	0	3	3	3	3	323	158	1292	1292	1292	
105	0	3	3	3	3	317	157	1292	1292	1292	
106	0	3	3	3	3	311	156	1292	1292	1292	
107	0	3	3	3	3	305	155	1292	1292	1292	
108	0	3	3	3	3	299	154	1292	1292	1292	
109	0	3	3	3	3	293	153	1292	1292	1292	
110	0	3	3	3	3	287	152	1292	1292	1292	
111	0	3	3	3	3	281	151	1292	1292	1292	
112	0	3	3	3	3	275	150	1292	1292	1292	
113	0	3	3	3	3	269	149	1292	1292	1292	
114	0	3	3	3	3	263	148	1292	1292	1292	
115	0	3	3	3	3	257	147	1292	1292	1292	
116	0	3	3	3	3	251	146	1292	1292	1292	
117	0	3	3	3	3	237	145	1292	1292	1292	
118	1	0	3	3	3	238	139	1292	1292	1292	
119	1	0	3	3	3	239	133	1292	1292	1292	
120	1	0	3	3	3	240	127	1292	1292	1292	
121	1	0	3	3	3	241	121	1292	1292	1292	
122	1	0	3	3	3	242	115	1292	1292	1292	
123	1	0	3	3	3	243	109	1292	1292	1292	
124	1	0	3	3	3	244	103	1292	1292	1292	
125	1	0	3	3	3	245	97	1292	1292	1292	
126	0	0	3	3	3	144	91	1292	1292	1292	
127	0	0	3	3	3	138	85	1292	1292	1292	
128	0	0	3	3	3	132	79	1292	1292	1292	
129	0	0	3	3	3	126	0	1292	1292	1292	
130	0	1	3	3	3	120	1	1292	1292	1292	
131	0	1	3	3	3	114	2	1292	1292	1292	
132	0	1	3	3	3	108	3	1292	1292	1292	
133	0	3	3	3	3	102	2	1292	1292	1292	
134	2	3	3	3	3	108	1	1292	1292	1292	
135	2	3	3	3	3	114	1	1292	1292	1292	
136	2	3	3	3	3	120	0	1292	1292	1292	
137	2	3	3	3	3	126	0	1292	1292	1292	
138	2	2	3	3	3	132	79	1292	1292	1292	
139	2	2	3	3	3	138	79	1292	1292	1292	
140	2	2	3	3	3	144	85	1292	1292	1292	
141	2	2	3	3	3	245	85	1292	1292	1292	
142	3	2	3	3	3	244	91	1292	1292	1292	
143	3	2	3	3	3	243	91	1292	1292	1292	
144	3	2	3	3	3	242	97	1292	1292	1292	
145	3	2	3	3	3	241	97	1292	1292	1292	
146	3	2	3	3	3	240	103	1292	1292	1292	
147	3	2	3	3	3	239	103	1292	1292	1292	
148	3	2	3	3	3	238	109	1292	1292	1292	
149	3	2	3	3	3	237	109	1292	1292	1292	
150	2	2	3	3	3	251	115	1292	1292	1292	
151	2	2	3	3	3	257	115	1292	1292	1292	
152	2	2	3	3	3	263	121	1292	1292	1292	
153	2	2	3	3	3	269	121	1292	1292	1292	
154	2	2	3	3	3	275	127	1292	1292	1292	
155	2	2	3	3	3	281	127	1292	1292	1292	
156	2	2	3	3	3	287	133	1292	1292	1292	
157	2	2	3	3	3	293	133	1292	1292	1292	
158	2	2	3	3	3	299	139	1292	1292	1292	
159	2	2	3	3	3	305	139	1292	1292	1292	
160	2	2	3	3	3	311	145	1292	1292	1292	
161	2	2	3	3	3	317	145	1292	1292	1292	
162	2	1	3	3	3	323	146	1292	1292	1292	
163	2	1	3	3	3	329	146	1292	1292	1292	
164	2	1	3	3	3	335	147	1292	1292	1292	
165	2	1	3	3	3	399	147	1292	1292	1292	
166	1	1	3	3	3	400	148	1292	1292	1292	
167	1	1	3	3	3	401	148	1292	1292	1292	
168	1	1	3	3	3	402	149	1292	1292	1292	
169	1	1	3	3	3	403	149	1292	1292	1292	
170	1	1	3	3	3	404	150	1292	1292	1292	
171	1	1	3	3	3	405	150	1292	1292	1292	
172	1	1	3	3	3	406	151	1292	1292	1292	
173	1	1	3	3	3	407	151	1292	1292	1292	
174	1	1	3	3	3	408	152	1292	1292	1292	
175	1	1	3	3	3	409	152	1292	1292	1292	
176	1	1	3	3	3	410	153	1292	1292	1292	
177	1	1	3	3	3	411	153	1292	1292	1292	
178	1	1	3	3	3	336	154	1292	1292	1292	
179	1	1	3	3	3	337	154	1292	1292	1292	
180	1	1	3	3	3	338	155	1292	1292	1292	
181	1	1	3	3	3	339	155	1292	1292	1292	
182	1	1	3	3	3	340	156	1292	1292	1292	
183	1	1	3	3	3	341	156	1292	1292	1292	
184	1	1	3	3	3	342	157	1292	1292	1292	
185	1	1	3	3	3	343	157	1292	1292	1292	
186	1	1	3	3	3	344	158	1292	1292	1292	
187	1	1	3	3	3	345	158	1292	1292	1292	
188	1	1	3	3	3	346	159	1292	1292	1292	
189	1	1	3	3	3	347	159	1292	1292	1292	
190	1	1	3	3	3	348	160	1292	1292	1292	
191	0	1	3	3	3	330	160	1292	1292	1292	
192	0	1	3	3	3	324	161	1292	1292	1292	
193	0	1	3	3	3	318	161	1292	1292	1292	
194	0	1	3	3	3	312	162	1292	1292	1292	
195	0	1	3	3	3	306	162	1292	1292	1292	
196	0	1	3	3	3	300	163	1292	1292	1292	
197	0	1	3	3	3	294	163	1292	1292	1292	
198	0	1	3	3	3	288	164	1292	1292	1292	
199	0	1	3	3	3	282	164	1292	1292	1292	
200	0	1	3	3	3	276	165	1292	1292	1292	
201	0	1	3	3	3	270	165	1292	1292	1292	
202	0	1	3	3	3	264	166	1292	1292	1292	
203	0	1	3	3	3	258	166	1292	1292	1292	
204	0	1	3	3	3	252	167	1292	1292	1292	
205	0	1	3	3	3	246	167	1292	1292	1292	
206	0	1	3	3	3	153	168	1292	1292	1292	
207	1	1	3	3	3	154	168	1292	1292	1292	
208	1	1	3	3	3	155	169	1292	1292	1292	
209	1	1	3	3	3	156	169	1292	1292	1292	
210	1	1	3	3	3	157	170	1292	1292	1292	
211	1	1	3	3	3	158	170	1292	1292	1292	
212	1	1	3	3	3	159	171	1292	1292	1292	
213	1	1	3	3	3	160	171	1292	1292	1292	
214	1	1	3	3	3	161	172	1292	1292	1292	
215	1	1	3	3	3	162	172	1292	1292	1292	
216	1	1	3	3	3	163	173	1292	1292	1292	
217	1	1	3	3	3	164	173	1292	1292	1292	
218	1	1	3	3	3	165	174	1292	1292	1292	
219	1	1	3	3	3	166	174	1292	1292	1292	
220	1	1	3	3	3	167	175	1292	1292	1292	
221	1	1	3	3	3	168	175	1292	1292	1292	
222	1	1	3	3	3	169	176	1292	1292	1292	
223	1	1	3	3	3	170	176	1292	1292	1292	
224	1	1	3	3	3	171	177	1292	1292	1292	
225	1	1	3	3	3	172	177	1292	1292	1292	
226	1	1	3	3	3	173	178	1292	1292	1292	
227	1	1	3	3	3	174	178	1292	1292	1292	
228	1	1	3	3	3	175	179	1292	1292	1292	
229	1	1	3	3	3	176	179	1292	1292	1292	
230	1	1	3	3	3	177	180	1292	1292	1292	
231	1	1	3	3	3	178	180	1292	1292	1292	
232	1	3	3	3	3	179	1292	1292	1292	1292	
233	1	3	3	3	3	180	1292	1292	1292	1292	
234	1	3	3	3	3	181	1292	1292	1292	1292	
235	1	3	3	3	3	182	1292	1292	1292	1292	
236	1	3	3	3	3	183	1292	1292	1292	1292	
237	1	3	3	3	3	184	1292	1292	1292	1292	
238	1	3	3	3	3	185	1292	1292	1292	1292	
239	1	3	3	3	3	186	1292	1292	1292	1292	
240	1	3	3	3	3	187	1292	1292	1292	1292	
241	1	3	3	3	3	188	1292	1292	1292	1292	
242	1	3	3	3	3	189	1292	1292	1292	1292	
243	1	3	3	3	3	190	1292	1292	1292	1292	
244	1	3	3	3	3	191	1292	1292	1292	1292	
245	1	3	3	3	3	192	1292	1292	1292	1292	
246	1	3	3	3	3	193	1292	1292	1292	1292	
247	1	3	3	3	3	194	1292	1292	1292	1292	
248	1	3	3	3	3	195	1292	1292	1292	1292	
249	1	3	3	3	3	196	1292	1292	1292	1292	
250	1	3	3	3	3	197	1292	1292	1292	1292	
251	1	3	3	3	3	198	1292	1292	1292	1292	
252	1	3	3	3	3	199	1292	1292	1292	1292	
253	1	3	3	3	3	200	1292	1292	1292	1292	
254	1	3	3	3	3	201	1292	1292	1292	1292	
255	1	3	3	3	3	202	1292	1292	1292	1292	
256	1	3	3	3	3	203	1292	1292	1292	1292	
257	1	3	3	3	3	204	1292	1292	1292	1292	
258	1	3	3	3	3	205	1292	1292	1292	1292	
259	1	3	3	3	3	206	1292	1292	1292	1292	
260	1	3	3	3	3	207	1292	1292	1292	1292	
261	1	3	3	3	3	208	1292	1292	1292	1292	
262	1	3	3	3	3	209	1292	1292	1292	1292	
263	1	3	3	3	3	210	1292	1292	1292	1292	
264	1	3	3	3	3	211	1292	1292	1292	1292	
265	1	3	3	3	3	212	1292	1292	1292	1292	
266	1	3	3	3	3	213	1292	1292	1292	1292	
267	0	3	3	3	3	142	1292	1292	1292	1292	
268	0	3	3	3	3	136	1292	1292	1292	1292	
269	0	3	3	3	3	130	1292	1292	1292	1292	
270	0	3	3	3	3	124	1292	1292	1292	1292	
271	0	3	3	3	3	118	497	1292	1292	1292	
272	0	3	3	3	3	112	496	1292	1292	1292	
273	0	3	3	3	3	106	495	1292	1292	1292	
274	0	3	3	3	3	100	494	1292	1292	1292	
275	0	3	3	3	3	94	493	1292	1292	1292	
276	0	3	3	3	3	88	492	1292	1292	1292	
277	0	3	3	3	3	82	491	1292	1292	1292	
278	0	3	3	3	3	57	490	1292	1292	1292	
279	3	3	3	3	3	56	489	1292	1292	1292	
280	3	3	3	3	3	55	488	1292	1292	1292	
281	3	3	3	3	3	54	487	1292	1292	1292	
282	3	3	3	3	3	53	486	1292	1292	1292	
283	3	3	3	3	3	52	485	1292	1292	1292	
284	3	3	3	3	3	51	484	1292	1292	1292	
285	3	3	3	3	3	50	483	1292	1292	1292	
286	3	3	3	3	3	49	482	1292	1292	1292	
287	3	3	3	3	3	48	481	1292	1292	1292	
288	3	3	3	3	3	47	480	1292	1292	1292	
289	3	0	3	3	3	46	453	1292	1292	1292	
290	3	0	3	3	3	45	449	1292	1292	1292	
291	3	0	3	3	3	44	445	1292	1292	1292	
292	3	0	3	3	3	43	441	1292	1292	1292	
293	3	0	3	3	3	42	437	1292	1292	1292	
294	3	0	3	3	3	41	433	1292	1292	1292	
295	3	0	3	3	3	40	429	1292	1292	1292	
296	3	0	3	3	3	39	425	1292	1292	1292	
297	3	0	3	3	3	38	421	1292	1292	1292	
298	3	0	3	3	3	37	417	1292	1292	1292	
299	3	0	3	3	3	36	413	1292	1292	1292	
300	3	0	3	3	3	35	361	1292	1292	1292	
301	3	1	3	3	3	34	362	1292	1292	1292	
302	3	1	3	3	3	33	363	1292	1292	1292	
303	3	1	3	3	3	32	364	1292	1292	1292	
304	3	1	3	3	3	31	365	1292	1292	1292	
305	3	1	3	3	3	30	366	1292	1292	1292	
306	3	1	3	3	3	29	367	1292	1292	1292	
307	3	1	3	3	3	28	368	1292	1292	1292	
308	3	1	3	3	3	27	369	1292	1292	1292	
309	3	1	3	3	3	26	370	1292	1292	1292	
310	3	1	3	3	3	25	371	1292	1292	1292	
311	3	1	3	3	3	24	372	1292	1292	1292	
312	3	3	3	3	3	23	371	1292	1292	1292	
313	3	3	3	3	3	22	370	1292	1292	1292	
314	3	3	3	3	3	21	369	1292	1292	1292	
315	2	3	3	3	3	81	368	1292	1292	1292	
316	2	3	3	3	3	87	367	1292	1292	1292	
317	2	3	3	3	3	93	366	1292	1292	1292	
318	2	3	3	3	3	99	365	1292	1292	1292	
319	2	3	3	3	3	105	364	1292	1292	1292	
320	2	3	3	3	3	111	363	1292	1292	1292	
321	2	3	3	3	3	117	362	1292	1292	1292	
322	2	3	3	3	3	123	361	1292	1292	1292	
323	2	3	3	3	3	129	360	1292	1292	1292	
324	2	3	3	3	3	135	359	1292	1292	1292	
325	2	3	3	3	3	141	358	1292	1292	1292	
326	2	3	3	3	3	177	357	1292	1292	1292	
327	1	3	3	3	3	178	356	1292	1292	1292	
328	1	3	3	3	3	179	355	1292	1292	1292	
329	1	3	3	3	3	180	354	1292	1292	1292	
330	1	3	3	3	3	181	353	1292	1292	1292	
331	1	3	3	3	3	182	352	1292	1292	1292	
332	1	3	3	3	3	183	351	1292	1292	1292	
333	1	3	3	3	3	184	350	1292	1292	1292	
334	1	3	3	3	3	185	349	1292	1292	1292	
335	1	0	3	3	3	186	331	1292	1292	1292	
336	1	0	3	3	3	187	325	1292	1292	1292	
337	1	0	3	3	3	188	319	1292	1292	1292	
338	1	0	3	3	3	189	313	1292	1292	1292	
339	2	0	3	3	3	248	307	1292	1292	1292	
340	2	0	3	3	3	254	301	1292	1292	1292	
341	2	0	3	3	3	260	295	1292	1292	1292	
342	2	0	3	3	3	266	289	1292	1292	1292	
343	2	0	3	3	3	272	283	1292	1292	1292	
344	2	0	3	3	3	278	277	1292	1292	1292	
345	2	0	3	3	3	284	271	1292	1292	1292	
346	2	0	3	3	3	290	265	1292	1292	1292	
347	2	0	3	3	3	296	259	1292	1292	1292	
348	2	0	3	3	3	302	253	1292	1292	1292	
349	2	0	3	3	3	308	247	1292	1292	1292	
350	2	0	3	3	3	314	165	1292	1292	1292	
351	2	1	3	3	3	320	166	1292	1292	1292	
352	2	1	3	3	3	326	167	1292	1292	1292	
353	2	1	3	3	3	332	168	1292	1292	1292	
354	2	1	3	3	3	373	169	1292	1292	1292	
355	3	1	3	3	3	372	170	1292	1292	1292	
356	3	1	3	3	3	371	171	1292	1292	1292	
357	3	1	3	3	3	370	172	1292	1292	1292	
358	3	1	3	3	3	369	173	1292	1292	1292	
359	3	1	3	3	3	368	174	1292	1292	1292	
360	3	1	3	3	3	367	175	1292	1292	1292	
361	3	1	3	3	3	366	176	1292	1292	1292	
362	3	1	3	3	3	365	177	1292	1292	1292	
363	3	1	3	3	3	364	178	1292	1292	1292	
364	3	1	3	3	3	363	179	1292	1292	1292	
365	3	1	3	3	3	362	180	1292	1292	1292	
366	3	1	3	3	3	361	181	1292	1292	1292	
367	3	1	3	3	3	360	182	1292	1292	1292	
368	3	1	3	3	3	359	183	1292	1292	1292	
369	3	1	3	3	3	358	184	1292	1292	1292	
370	3	1	3	3	3	357	185	1292	1292	1292	
371	3	1	3	3	3	356	186	1292	1292	1292	
372	3	1	3	3	3	355	187	1292	1292	1292	
373	3	1	3	3	3	354	188	1292	1292	1292	
374	3	1	3	3	3	353	189	1292	1292	1292	
375	3	2	3	3	3	352	248	1292	1292	1292	
376	3	2	3	3	3	351	254	1292	1292	1292	
377	3	2	3	3	3	350	260	1292	1292	1292	
378	3	2	3	3	3	349	266	1292	1292	1292	
379	0	2	3	3	3	331	272	1292	1292	1292	
380	0	2	3	3	3	325	278	1292	1292	1292	
381	0	2	3	3	3	319	284	1292	1292	1292	
382	0	2	3	3	3	313	290	1292	1292	1292	
383	0	2	3	3	3	307	296	1292	1292	1292	
384	0	2	3	3	3	301	302	1292	1292	1292	
385	0	2	3	3	3	295	308	1292	1292	1292	
386	0	2	3	3	3	289	314	1292	1292	1292	
387	0	2	3	3	3	283	320	1292	1292	1292	
388	0	2	3	3	3	277	326	1292	1292	1292	
389	0	2	3	3	3	271	332	1292	1292	1292	
390	0	2	3	3	3	265	373	1292	1292	1292	
391	0	3	3	3	3	259	372	1292	1292	1292	
392	0	3	3	3	3	253	371	1292	1292	1292	
393	0	3	3	3	3	247	370	1292	1292	1292	
394	0	3	3	3	3	165	369	1292	1292	1292	
395	0	3	3	3	3	140	368	1292	1292	1292	
396	0	3	3	3	3	134	367	1292	1292	1292	
397	0	3	3	3	3	128	366	1292	1292	1292	
398	0	3	3	3	3	122	365	1292	1292	1292	
399	0	3	3	3	3	116	364	1292	1292	1292	
400	0	3	3	3	3	110	363	1292	1292	1292	
401	0	3	3	3	3	104	362	1292	1292	1292	
402	0	3	3	3	3	98	361	1292	1292	1292	
403	0	3	3	3	3	92	360	1292	1292	1292	
404	0	3	3	3	3	86	359	1292	1292	1292	
405	0	3	3	3	3	80	358	1292	1292	1292	
406	0	3	3	3	3	20	357	1292	1292	1292	
407	3	3	3	3	3	19	356	1292	1292	1292	
408	3	3	3	3	3	18	355	1292	1292	1292	
409	3	3	3	3	3	17	354	1292	1292	1292	
410	3	3	3	3	3	16	353	1292	1292	1292	
411	3	3	3	3	3	15	352	1292	1292	1292	
412	3	3	3	3	3	14	351	1292	1292	1292	
413	3	3	3	3	3	13	350	1292	1292	1292	
414	3	3	3	3	3	12	349	1292	1292	1292	
415	3	0	3	3	3	11	331	1292	1292	1292	
416	3	0	3	3	3	10	325	1292	1292	1292	
417	3	0	3	3	3	9	319	1292	1292	1292	
418	3	0	3	3	3	8	313	1292	1292	1292	
419	3	0	3	3	3	7	307	1292	1292	1292	
420	3	0	3	3	3	6	301	1292	1292	1292	
421	3	0	3	3	3	5	295	1292	1292	1292	
422	3	0	3	3	3	4	289	1292	1292	1292	
423	3	0	3	3	3	3	283	1292	1292	1292	
424	3	0	3	3	3	2	277	1292	1292	1292	
425	3	0	3	3	3	1	271	1292	1292	1292	
426	3	0	3	3	3	0	265	1292	1292	1292	
427	2	0	3	3	3	79	259	1292	1292	1292	
428	2	0	3	3	3	85	253	1292	1292	1292	
429	2	0	3	3	3	91	247	1292	1292	1292	
430	2	2	3	3	3	97	253	1292	1292	1292	
431	2	2	3	3	3	103	259	1292	1292	1292	
432	2	2	3	3	3	109	259	1292	1292	1292	
433	2	2	3	3	3	115	265	1292	1292	1292	
434	2	2	3	3	3	121	265	1292	1292	1292	
435	2	2	3	3	3	127	271	1292	1292	1292	
436	2	2	3	3	3	133	271	1292	1292	1292	
437	2	2	3	3	3	139	277	1292	1292	1292	
438	2	2	3	3	3	145	277	1292	1292	1292	
439	1	2	3	3	3	146	283	1292	1292	1292	
440	1	2	3	3	3	147	283	1292	1292	1292	
441	1	2	3	3	3	148	289	1292	1292	1292	
442	1	2	3	3	3	149	289	1292	1292	1292	
443	1	2	3	3	3	150	295	1292	1292	1292	
444	1	2	3	3	3	151	295	1292	1292	1292	
445	1	2	3	3	3	152	301	1292	1292	1292	
446	1	2	3	3	3	153	301	1292	1292	1292	
447	1	2	3	3	3	154	307	1292	1292	1292	
448	1	2	3	3	3	155	307	1292	1292	1292	
449	1	2	3	3	3	156	313	1292	1292	1292	
450	1	2	3	3	3	157	313	1292	1292	1292	
451	1	2	3	3	3	158	319	1292	1292	1292	
452	1	2	3	3	3	159	319	1292	1292	1292	
453	1	2	3	3	3	160	325	1292	1292	1292	
454	1	2	3	3	3	161	325	1292	1292	1292	
455	1	2	3	3	3	162	331	1292	1292	1292	
456	1	2	3	3	3	163	331	1292	1292	1292	
457	1	2	3	3	3	164	349	1292	1292	1292	
458	1	2	3	3	3	165	349	1292	1292	1292	
459	2	1	3	3	3	247	350	1292	1292	1292	
460	2	1	3	3	3	253	350	1292	1292	1292	
461	2	1	3	3	3	259	351	1292	1292	1292	
462	2	1	3	3	3	265	351	1292	1292	1292	
463	2	1	3	3	3	271	352	1292	1292	1292	
464	2	1	3	3	3	277	352	1292	1292	1292	
465	2	1	3	3	3	283	353	1292	1292	1292	
466	2	1	3	3	3	289	353	1292	1292	1292	
467	2	1	3	3	3	295	354	1292	1292	1292	
468	2	1	3	3	3	301	354	1292	1292	1292	
469	2	1	3	3	3	307	355	1292	1292	1292	
470	2	1	3	3	3	313	355	1292	1292	1292	
471	2	1	3	3	3	319	356	1292	1292	1292	
472	2	1	3	3	3	325	356	1292	1292	1292	
473	2	1	3	3	3	331	357	1292	1292	1292	
474	2	1	3	3	3	349	357	1292	1292	1292	
475	1	1	3	3	3	350	358	1292	1292	1292	
476	1	1	3	3	3	351	358	1292	1292	1292	
477	1	1	3	3	3	352	359	1292	1292	1292	
478	1	1	3	3	3	353	359	1292	1292	1292	
479	1	1	3	3	3	354	360	1292	1292	1292	
480	1	1	3	3	3	355	360	1292	1292	1292	
481	1	1	3	3	3	356	361	1292	1292	1292	
482	1	1	3	3	3	357	361	1292	1292	1292	
483	1	1	3	3	3	358	362	1292	1292	1292	
484	1	1	3	3	3	359	362	1292	1292	1292	
485	1	1	3	3	3	360	363	1292	1292	1292	
486	1	1	3	3	3	361	363	1292	1292	1292	
487	2	3	3	3	3	413	1292	1292	1292	1292	
488	2	3	3	3	3	417	1292	1292	1292	1292	
489	2	3	3	3	3	421	1292	1292	1292	1292	
490	2	3	3	3	3	425	1292	1292	1292	1292	
491	2	3	3	3	3	429	1292	1292	1292	1292	
492	2	3	3	3	3	433	1292	1292	1292	1292	
493	2	3	3	3	3	437	1292	1292	1292	1292	
494	2	3	3	3	3	441	1292	1292	1292	1292	
495	2	3	3	3	3	445	1292	1292	1292	1292	
496	2	3	3	3	3	449	1292	1292	1292	1292	
497	2	3	3	3	3	453	1292	1292	1292	1292	
498	2	3	3	3	3	480	1292	1292	1292	1292	
499	3	3	3	3	3	479	1292	1292	1292	1292	
500	3	3	3	3	3	478	1292	1292	1292	1292	
501	3	3	3	3	3	477	1292	1292	1292	1292	
502	3	3	3	3	3	476	1292	1292	1292	1292	
503	3	3	3	3	3	475	1292	1292	1292	1292	
504	3	3	3	3	3	474	1292	1292	1292	1292	
505	3	3	3	3	3	473	1292	1292	1292	1292	
506	3	3	3	3	3	472	1292	1292	1292	1292	
507	3	3	3	3	3	471	1292	1292	1292	1292	
508	3	3	3	3	3	470	1292	1292	1292	1292	
509	3	3	3	3	3	469	1292	1292	1292	1292	
510	3	3	3	3	3	468	1292	1292	1292	1292	
511	3	3	3	3	3	467	1292	1292	1292	1292	
512	3	3	3	3	3	466	1292	1292	1292	1292	
513	3	3	3	3	3	465	1292	1292	1292	1292	
514	3	3	3	3	3	464	1292	1292	1292	1292	
515	3	3	3	3	3	463	1292	1292	1292	1292	
516	3	3	3	3	3	462	1292	1292	1292	1292	
517	3	3	3	3	3	461	1292	1292	1292	1292	
518	3	3	3	3	3	460	1292	1292	1292	1292	
519	3	3	3	3	3	459	1292	1292	1292	1292	
520	3	3	3	3	3	458	1292	1292	1292	1292	
521	3	3	3	3	3	457	1292	1292	1292	1292	
522	3	3	3	3	3	456	1292	1292	1292	1292	
523	0	3	3	3	3	452	1292	1292	1292	1292	
524	0	3	3	3	3	448	1292	1292	1292	1292	
525	0	3	3	3	3	444	1292	1292	1292	1292	
526	0	3	3	3	3	440	497	1292	1292	1292	
527	0	3	3	3	3	436	496	1292	1292	1292	
528	0	3	3	3	3	432	495	1292	1292	1292	
529	0	3	3	3	3	428	494	1292	1292	1292	
530	0	3	3	3	3	424	493	1292	1292	1292	
531	2	3	3	3	3	428	492	1292	1292	1292	
532	2	3	3	3	3	432	491	1292	1292	1292	
533	2	3	3	3	3	436	490	1292	1292	1292	
534	2	3	3	3	3	440	489	1292	1292	1292	
535	2	3	3	3	3	444	488	1292	1292	1292	
536	2	3	3	3	3	448	487	1292	1292	1292	
537	2	3	3	3	3	452	486	1292	1292	1292	
538	2	3	3	3	3	456	485	1292	1292	1292	
539	2	3	3	3	3	541	484	1292	1292	1292	
540	2	3	3	3	3	545	483	1292	1292	1292	
541	2	3	3	3	3	549	482	1292	1292	1292	
542	2	3	3	3	3	553	481	1292	1292	1292	
543	2	3	3	3	3	557	480	1292	1292	1292	
544	2	3	3	3	3	561	479	1292	1292	1292	
545	2	3	3	3	3	565	478	1292	1292	1292	
546	2	3	3	3	3	569	477	1292	1292	1292	
547	2	3	3	3	3	573	476	1292	1292	1292	
548	2	3	3	3	3	577	475	1292	1292	1292	
549	2	3	3	3	3	581	474	1292	1292	1292	
550	2	3	3	3	3	585	473	1292	1292	1292	
551	2	3	3	3	3	613	472	1292	1292	1292	
552	2	3	3	3	3	619	471	1292	1292	1292	
553	2	3	3	3	3	625	470	1292	1292	1292	
554	2	3	3	3	3	631	469	1292	1292	1292	
555	2	3	3	3	3	637	468	1292	1292	1292	
556	2	3	3	3	3	643	467	1292	1292	1292	
557	2	3	3	3	3	649	466	1292	1292	1292	
558	2	3	3	3	3	655	465	1292	1292	1292	
559	2	3	3	3	3	661	464	1292	1292	1292	
560	2	3	3	3	3	667	463	1292	1292	1292	
561	2	3	3	3	3	673	462	1292	1292	1292	
562	2	3	3	3	3	691	461	1292	1292	1292	
563	2	3	3	3	3	766	460	1292	1292	1292	
564	2	3	3	3	3	770	459	1292	1292	1292	
565	2	3	3	3	3	774	458	1292	1292	1292	
566	2	3	3	3	3	778	457	1292	1292	1292	
567	2	3	3	3	3	782	456	1292	1292	1292	
568	2	2	3	3	3	786	541	1292	1292	1292	
569	2	2	3	3	3	790	545	1292	1292	1292	
570	2	2	3	3	3	794	549	1292	1292	1292	
571	2	2	3	3	3	798	553	1292	1292	1292	
572	2	2	3	3	3	802	557	1292	1292	1292	
573	2	2	3	3	3	806	561	1292	1292	1292	
574	2	2	3	3	3	810	565	1292	1292	1292	
575	2	2	3	3	3	884	569	1292	1292	1292	
576	2	2	3	3	3	888	573	1292	1292	1292	
577	2	2	3	3	3	892	577	1292	1292	1292	
578	2	2	3	3	3	896	581	1292	1292	1292	
579	2	2	3	3	3	900	585	1292	1292	1292	
580	2	2	3	3	3	904	613	1292	1292	1292	
581	2	2	3	3	3	908	619	1292	1292	1292	
582	2	2	3	3	3	912	625	1292	1292	1292	
583	2	2	3	3	3	916	631	1292	1292	1292	
584	2	2	3	3	3	920	637	1292	1292	1292	
585	2	2	3	3	3	924	643	1292	1292	1292	
586	2	2	3	3	3	936	649	1292	1292	1292	
587	3	2	3	3	3	935	655	1292	1292	1292	
588	3	2	3	3	3	934	661	1292	1292	1292	
589	3	2	3	3	3	933	667	1292	1292	1292	
590	3	2	3	3	3	932	673	1292	1292	1292	
591	3	2	3	3	3	931	691	1292	1292	1292	
592	3	2	3	3	3	930	766	1292	1292	1292	
593	3	2	3	3	3	929	770	1292	1292	1292	
594	3	2	3	3	3	928	774	1292	1292	1292	
595	2	2	3	3	3	1029	778	1292	1292	1292	
596	2	2	3	3	3	1035	782	1292	1292	1292	
597	2	2	3	3	3	1041	786	1292	1292	1292	
598	2	2	3	3	3	1047	790	1292	1292	1292	
599	2	2	3	3	3	1053	794	1292	1292	1292	
600	2	2	3	3	3	1059	798	1292	1292	1292	
601	2	2	3	3	3	1065	802	1292	1292	1292	
602	2	2	3	3	3	1071	806	1292	1292	1292	
603	2	2	3	3	3	1077	810	1292	1292	1292	
604	2	2	3	3	3	1083	884	1292	1292	1292	
605	2	2	3	3	3	1089	888	1292	1292	1292	
606	2	2	3	3	3	1095	892	1292	1292	1292	
607	2	2	3	3	3	1125	896	1292	1292	1292	
608	2	2	3	3	3	1131	900	1292	1292	1292	
609	2	2	3	3	3	1137	904	1292	1292	1292	
610	2	0	3	3	3	1143	900	1292	1292	1292	
611	0	0	3	3	3	1137	896	1292	1292	1292	
612	0	0	3	3	3	1131	896	1292	1292	1292	
613	0	0	3	3	3	1125	892	1292	1292	1292	
614	0	0	3	3	3	1095	892	1292	1292	1292	
615	0	0	3	3	3	1089	888	1292	1292	1292	
616	0	0	3	3	3	1083	888	1292	1292	1292	
617	0	0	3	3	3	1077	884	1292	1292	1292	
618	0	0	3	3	3	1071	884	1292	1292	1292	
619	0	0	3	3	3	1065	810	1292	1292	1292	
620	0	0	3	3	3	1059	810	1292	1292	1292	
621	0	0	3	3	3	1053	806	1292	1292	1292	
622	0	0	3	3	3	1047	806	1292	1292	1292	
623	0	0	3	3	3	1041	802	1292	1292	1292	
624	0	0	3	3	3	1035	802	1292	1292	1292	
625	0	0	3	3	3	1029	798	1292	1292	1292	
626	0	0	3	3	3	928	798	1292	1292	1292	
627	1	0	3	3	3	929	794	1292	1292	1292	
628	1	0	3	3	3	930	794	1292	1292	1292	
629	1	0	3	3	3	931	790	1292	1292	1292	
630	1	0	3	3	3	932	790	1292	1292	1292	
631	1	0	3	3	3	933	786	1292	1292	1292	
632	1	0	3	3	3	934	786	1292	1292	1292	
633	1	0	3	3	3	935	782	1292	1292	1292	
634	1	0	3	3	3	936	782	1292	1292	1292	
635	0	0	3	3	3	924	778	1292	1292	1292	
636	0	0	3	3	3	920	778	1292	1292	1292	
637	0	0	3	3	3	916	774	1292	1292	1292	
638	0	0	3	3	3	912	774	1292	1292	1292	
639	0	0	3	3	3	908	770	1292	1292	1292	
640	0	0	3	3	3	904	770	1292	1292	1292	
641	0	0	3	3	3	900	766	1292	1292	1292	
642	0	0	3	3	3	896	766	1292	1292	1292	
643	0	0	3	3	3	892	691	1292	1292	1292	
644	0	0	3	3	3	888	691	1292	1292	1292	
645	0	0	3	3	3	884	673	1292	1292	1292	
646	0	0	3	3	3	810	673	1292	1292	1292	
647	0	0	3	3	3	806	667	1292	1292	1292	
648	0	0	3	3	3	802	667	1292	1292	1292	
649	0	0	3	3	3	798	661	1292	1292	1292	
650	0	0	3	3	3	794	661	1292	1292	1292	
651	0	0	3	3	3	790	655	1292	1292	1292	
652	0	0	3	3	3	786	655	1292	1292	1292	
653	0	0	3	3	3	782	649	1292	1292	1292	
654	0	0	3	3	3	778	649	1292	1292	1292	
655	0	0	3	3	3	774	643	1292	1292	1292	
656	0	0	3	3	3	770	643	1292	1292	1292	
657	0	0	3	3	3	766	637	1292	1292	1292	
658	0	0	3	3	3	691	637	1292	1292	1292	
659	0	0	3	3	3	673	631	1292	1292	1292	
660	0	0	3	3	3	667	631	1292	1292	1292	
661	0	0	3	3	3	661	625	1292	1292	1292	
662	0	0	3	3	3	655	625	1292	1292	1292	
663	0	0	3	3	3	649	619	1292	1292	1292	
664	0	0	3	3	3	643	619	1292	1292	1292	
665	0	0	3	3	3	637	613	1292	1292	1292	
666	0	0	3	3	3	631	613	1292	1292	1292	
667	0	0	3	3	3	625	585	1292	1292	1292	
668	0	0	3	3	3	619	585	1292	1292	1292	
669	2	3	3	3	3	625	1292	1292	1292	1292	
670	2	3	3	3	3	631	1292	1292	1292	1292	
671	2	3	3	3	3	637	1292	1292	1292	1292	
672	2	3	3	3	3	643	1292	1292	1292	1292	
673	2	3	3	3	3	649	1292	1292	1292	1292	
674	2	3	3	3	3	655	1292	1292	1292	1292	
675	2	3	3	3	3	661	1292	1292	1292	1292	
676	2	3	3	3	3	667	1292	1292	1292	1292	
677	2	3	3	3	3	673	1292	1292	1292	1292	
678	2	3	3	3	3	691	1292	1292	1292	1292	
679	2	3	3	3	3	766	1292	1292	1292	1292	
680	2	3	3	3	3	770	1292	1292	1292	1292	
681	2	3	3	3	3	774	1292	1292	1292	1292	
682	2	3	3	3	3	778	1292	1292	1292	1292	
683	2	3	3	3	3	782	1292	1292	1292	1292	
684	2	3	3	3	3	786	1292	1292	1292	1292	
685	2	3	3	3	3	790	1292	1292	1292	1292	
686	2	3	3	3	3	794	1292	1292	1292	1292	
687	2	3	3	3	3	798	1292	1292	1292	1292	
688	2	3	3	3	3	802	1292	1292	1292	1292	
689	2	3	3	3	3	806	1292	1292	1292	1292	
690	2	3	3	3	3	810	1292	1292	1292	1292	
691	1	3	3	3	3	811	1292	1292	1292	1292	
692	1	3	3	3	3	812	1292	1292	1292	1292	
693	1	3	3	3	3	813	1292	1292	1292	1292	
694	1	3	3	3	3	814	1292	1292	1292	1292	
695	1	3	3	3	3	815	1292	1292	1292	1292	
696	1	3	3	3	3	816	1292	1292	1292	1292	
697	1	3	3	3	3	817	1292	1292	1292	1292	
698	1	3	3	3	3	818	1292	1292	1292	1292	
699	1	3	3	3	3	819	1292	1292	1292	1292	
700	1	3	3	3	3	820	1292	1292	1292	1292	
701	1	3	3	3	3	821	1292	1292	1292	1292	
702	1	3	3	3	3	822	1292	1292	1292	1292	
703	1	3	3	3	3	823	1292	1292	1292	1292	
704	1	3	3	3	3	824	1292	1292	1292	1292	
705	1	3	3	3	3	825	1292	1292	1292	1292	
706	1	3	3	3	3	826	1292	1292	1292	1292	
707	1	3	3	3	3	827	1292	1292	1292	1292	
708	1	3	3	3	3	828	497	1292	1292	1292	
709	1	3	3	3	3	829	496	1292	1292	1292	
710	1	3	3	3	3	830	495	1292	1292	1292	
711	1	3	3	3	3	831	494	1292	1292	1292	
712	1	3	3	3	3	832	493	1292	1292	1292	
713	1	3	3	3	3	833	492	1292	1292	1292	
714	1	3	3	3	3	834	491	1292	1292	1292	
715	2	3	3	3	3	885	490	1292	1292	1292	
716	2	3	3	3	3	889	489	1292	1292	1292	
717	2	3	3	3	3	893	488	1292	1292	1292	
718	2	3	3	3	3	897	487	1292	1292	1292	
719	2	3	3	3	3	901	486	1292	1292	1292	
720	2	3	3	3	3	905	485	1292	1292	1292	
721	2	3	3	3	3	909	484	1292	1292	1292	
722	2	3	3	3	3	913	483	1292	1292	1292	
723	2	3	3	3	3	917	482	1292	1292	1292	
724	2	3	3	3	3	921	481	1292	1292	1292	
725	2	3	3	3	3	925	480	1292	1292	1292	
726	2	0	3	3	3	960	453	1292	1292	1292	
727	3	0	3	3	3	959	449	1292	1292	1292	
728	3	0	3	3	3	958	445	1292	1292	1292	
729	3	0	3	3	3	957	441	1292	1292	1292	
730	3	0	3	3	3	956	437	1292	1292	1292	
731	3	0	3	3	3	955	433	1292	1292	1292	
732	3	0	3	3	3	954	429	1292	1292	1292	
733	3	0	3	3	3	953	425	1292	1292	1292	
734	3	0	3	3	3	952	421	1292	1292	1292	
735	3	0	3	3	3	951	417	1292	1292	1292	
736	3	0	3	3	3	950	413	1292	1292	1292	
737	3	0	3	3	3	949	361	1292	1292	1292	
738	3	3	3	3	3	948	360	1292	1292	1292	
739	3	3	3	3	3	947	359	1292	1292	1292	
740	3	3	3	3	3	946	358	1292	1292	1292	
741	3	3	3	3	3	945	357	1292	1292	1292	
742	3	3	3	3	3	944	356	1292	1292	1292	
743	3	3	3	3	3	943	355	1292	1292	1292	
744	3	3	3	3	3	942	354	1292	1292	1292	
745	3	3	3	3	3	941	353	1292	1292	1292	
746	3	3	3	3	3	940	352	1292	1292	1292	
747	1	3	3	3	3	941	351	1292	1292	1292	
748	1	3	3	3	3	942	350	1292	1292	1292	
749	1	3	3	3	3	943	349	1292	1292	1292	
750	1	0	3	3	3	944	331	1292	1292	1292	
751	1	0	3	3	3	945	325	1292	1292	1292	
752	1	0	3	3	3	946	319	1292	1292	1292	
753	1	0	3	3	3	947	313	1292	1292	1292	
754	1	0	3	3	3	948	307	1292	1292	1292	
755	2	0	3	3	3	1030	301	1292	1292	1292	
756	2	0	3	3	3	1036	295	1292	1292	1292	
757	2	0	3	3	3	1042	289	1292	1292	1292	
758	2	0	3	3	3	1048	283	1292	1292	1292	
759	2	0	3	3	3	1054	277	1292	1292	1292	
760	2	0	3	3	3	1060	271	1292	1292	1292	
761	2	0	3	3	3	1066	265	1292	1292	1292	
762	2	0	3	3	3	1072	259	1292	1292	1292	
763	2	0	3	3	3	1078	253	1292	1292	1292	
764	2	0	3	3	3	1084	247	1292	1292	1292	
765	2	0	3	3	3	1090	165	1292	1292	1292	
766	2	3	3	3	3	1096	164	1292	1292	1292	
767	2	3	3	3	3	1126	163	1292	1292	1292	
768	2	3	3	3	3	1132	162	1292	1292	1292	
769	2	3	3	3	3	1138	161	1292	1292	1292	
770	2	3	3	3	3	1144	160	1292	1292	1292	
771	2	3	3	3	3	1150	159	1292	1292	1292	
772	2	3	3	3	3	1156	158	1292	1292	1292	
773	2	3	3	3	3	1162	157	1292	1292	1292	
774	2	3	3	3	3	1168	156	1292	1292	1292	
775	2	3	3	3	3	1174	155	1292	1292	1292	
776	2	3	3	3	3	1180	154	1292	1292	1292	
777	2	3	3	3	3	1186	153	1292	1292	1292	
778	2	3	3	3	3	1211	152	1292	1292	1292	
779	3	3	3	3	3	1210	151	1292	1292	1292	
780	3	3	3	3	3	1209	150	1292	1292	1292	
781	3	3	3	3	3	1208	149	1292	1292	1292	
782	3	3	3	3	3	1207	148	1292	1292	1292	
783	3	3	3	3	3	1206	147	1292	1292	1292	
784	3	3	3	3	3	1205	146	1292	1292	1292	
785	3	3	3	3	3	1204	145	1292	1292	1292	
786	3	0	3	3	3	1203	139	1292	1292	1292	
787	3	0	3	3	3	1202	133	1292	1292	1292	
788	3	0	3	3	3	1201	127	1292	1292	1292	
789	3	0	3	3	3	1200	121	1292	1292	1292	
790	3	0	3	3	3	1199	115	1292	1292	1292	
791	3	0	3	3	3	1198	109	1292	1292	1292	
792	3	0	3	3	3	1197	103	1292	1292	1292	
793	3	0	3	3	3	1196	97	1292	1292	1292	
794	3	0	3	3	3	1195	91	1292	1292	1292	
795	3	0	3	3	3	1194	85	1292	1292	1292	
796	3	0	3	3	3	1193	79	1292	1292	1292	
797	3	0	3	3	3	1192	0	1292	1292	1292	
798	3	1	3	3	3	1191	1	1292	1292	1292	
799	0	1	3	3	3	1185	2	1292	1292	1292	
800	0	1	3	3	3	1179	3	1292	1292	1292	
801	0	1	3	3	3	1173	4	1292	1292	1292	
802	0	1	3	3	3	1167	5	1292	1292	1292	
803	2	1	3	3	3	1173	6	1292	1292	1292	
804	2	1	3	3	3	1179	7	1292	1292	1292	
805	2	1	3	3	3	1185	8	1292	1292	1292	
806	2	1	3	3	3	1191	9	1292	1292	1292	
807	1	1	3	3	3	1192	10	1292	1292	1292	
808	1	1	3	3	3	1193	11	1292	1292	1292	
809	1	1	3	3	3	1194	12	1292	1292	1292	
810	1	1	3	3	3	1195	13	1292	1292	1292	
811	1	1	3	3	3	1196	14	1292	1292	1292	
812	1	1	3	3	3	1197	15	1292	1292	1292	
813	1	1	3	3	3	1198	16	1292	1292	1292	
814	1	1	3	3	3	1199	17	1292	1292	1292	
815	1	1	3	3	3	1200	18	1292	1292	1292	
816	1	1	3	3	3	1201	19	1292	1292	1292	
817	1	1	3	3	3	1202	20	1292	1292	1292	
818	1	2	3	3	3	1203	80	1292	1292	1292	
819	1	2	3	3	3	1204	86	1292	1292	1292	
820	1	2	3	3	3	1205	92	1292	1292	1292	
821	1	2	3	3	3	1206	98	1292	1292	1292	
822	1	2	3	3	3	1207	104	1292	1292	1292	
823	1	2	3	3	3	1208	110	1292	1292	1292	
824	1	2	3	3	3	1209	116	1292	1292	1292	
825	1	2	3	3	3	1210	122	1292	1292	1292	
826	1	2	3	3	3	1211	128	1292	1292	1292	
827	1	2	3	3	3	1212	134	1292	1292	1292	
828	1	2	3	3	3	1213	140	1292	1292	1292	
829	1	2	3	3	3	1214	165	1292	1292	1292	
830	1	3	3	3	3	1215	164	1292	1292	1292	
831	1	3	3	3	3	1216	163	1292	1292	1292	
832	1	3	3	3	3	1217	162	1292	1292	1292	
833	1	3	3	3	3	1218	161	1292	1292	1292	
834	1	3	3	3	3	1219	160	1292	1292	1292	
835	1	3	3	3	3	1220	159	1292	1292	1292	
836	1	3	3	3	3	1221	158	1292	1292	1292	
837	1	3	3	3	3	1222	157	1292	1292	1292	
838	1	3	3	3	3	1223	156	1292	1292	1292	
839	0	3	3	3	3	1187	155	1292	1292	1292	
840	0	3	3	3	3	1181	154	1292	1292	1292	
841	0	3	3	3	3	1175	153	1292	1292	1292	
842	0	3	3	3	3	1169	152	1292	1292	1292	
843	0	3	3	3	3	1163	151	1292	1292	1292	
844	0	3	3	3	3	1157	150	1292	1292	1292	
845	0	3	3	3	3	1151	149	1292	1292	1292	
846	0	3	3	3	3	1145	148	1292	1292	1292	
847	0	3	3	3	3	1139	147	1292	1292	1292	
848	0	3	3	3	3	1133	146	1292	1292	1292	
849	0	3	3	3	3	1127	145	1292	1292	1292	
850	0	0	3	3	3	1097	139	1292	1292	1292	
851	1	0	3	3	3	1098	133	1292	1292	1292	
852	1	0	3	3	3	1099	127	1292	1292	1292	
853	1	0	3	3	3	1100	121	1292	1292	1292	
854	1	0	3	3	3	1101	115	1292	1292	1292	
855	1	0	3	3	3	1102	109	1292	1292	1292	
856	1	0	3	3	3	1103	103	1292	1292	1292	
857	1	0	3	3	3	1104	97	1292	1292	1292	
858	1	0	3	3	3	1105	91	1292	1292	1292	
859	1	0	3	3	3	1106	85	1292	1292	1292	
860	1	0	3	3	3	1107	79	1292	1292	1292	
861	1	0	3	3	3	1108	0	1292	1292	1292	
862	1	1	3	3	3	1109	1	1292	1292	1292	
863	0	1	3	3	3	1091	2	1292	1292	1292	
864	0	1	3	3	3	1085	3	1292	1292	1292	
865	0	1	3	3	3	1079	4	1292	1292	1292	
866	0	1	3	3	3	1073	5	1292	1292	1292	
867	0	1	3	3	3	1067	6	1292	1292	1292	
868	0	1	3	3	3	1061	7	1292	1292	1292	
869	0	1	3	3	3	1055	8	1292	1292	1292	
870	0	1	3	3	3	1049	9	1292	1292	1292	
871	0	1	3	3	3	1043	10	1292	1292	1292	
872	0	1	3	3	3	1037	11	1292	1292	1292	
873	0	1	3	3	3	1031	12	1292	1292	1292	
874	0	1	3	3	3	972	13	1292	1292	1292	
875	3	1	3	3	3	971	14	1292	1292	1292	
876	3	1	3	3	3	970	15	1292	1292	1292	
877	3	1	3	3	3	969	16	1292	1292	1292	
878	3	1	3	3	3	968	17	1292	1292	1292	
879	3	1	3	3	3	967	18	1292	1292	1292	
880	3	1	3	3	3	966	19	1292	1292	1292	
881	3	1	3	3	3	965	20	1292	1292	1292	
882	3	2	3	3	3	964	80	1292	1292	1292	
883	1	2	3	3	3	965	86	1292	1292	1292	
884	1	2	3	3	3	966	92	1292	1292	1292	
885	1	2	3	3	3	967	98	1292	1292	1292	
886	1	2	3	3	3	968	104	1292	1292	1292	
887	1	2	3	3	3	969	110	1292	1292	1292	
888	1	2	3	3	3	970	116	1292	1292	1292	
889	1	2	3	3	3	971	122	1292	1292	1292	
890	1	2	3	3	3	972	128	1292	1292	1292	
891	1	2	3	3	3	973	134	1292	1292	1292	
892	1	2	3	3	3	974	140	1292	1292	1292	
893	1	2	3	3	3	975	165	1292	1292	1292	
894	1	2	3	3	3	976	247	1292	1292	1292	
895	1	2	3	3	3	977	253	1292	1292	1292	
896	1	2	3	3	3	978	259	1292	1292	1292	
897	1	2	3	3	3	979	265	1292	1292	1292	
898	1	2	3	3	3	980	271	1292	1292	1292	
899	1	2	3	3	3	981	277	1292	1292	1292	
900	1	2	3	3	3	982	283	1292	1292	1292	
901	1	2	3	3	3	983	289	1292	1292	1292	
902	1	2	3	3	3	984	295	1292	1292	1292	
903	2	2	3	3	3	1032	301	1292	1292	1292	
904	2	2	3	3	3	1038	307	1292	1292	1292	
905	2	2	3	3	3	1044	313	1292	1292	1292	
906	2	2	3	3	3	1050	319	1292	1292	1292	
907	2	2	3	3	3	1056	325	1292	1292	1292	
908	2	2	3	3	3	1062	331	1292	1292	1292	
909	2	2	3	3	3	1068	349	1292	1292	1292	
910	2	1	3	3	3	1074	350	1292	1292	1292	
911	2	1	3	3	3	1080	351	1292	1292	1292	
912	2	1	3	3	3	1086	352	1292	1292	1292	
913	2	1	3	3	3	1092	353	1292	1292	1292	
914	2	1	3	3	3	1110	354	1292	1292	1292	
915	1	1	3	3	3	1111	355	1292	1292	1292	
916	1	1	3	3	3	1112	356	1292	1292	1292	
917	1	1	3	3	3	1113	357	1292	1292	1292	
918	1	1	3	3	3	1114	358	1292	1292	1292	
919	1	1	3	3	3	1115	359	1292	1292	1292	
920	1	1	3	3	3	1116	360	1292	1292	1292	
921	1	1	3	3	3	1117	361	1292	1292	1292	
922	1	2	3	3	3	1118	413	1292	1292	1292	
923	1	2	3	3	3	1119	417	1292	1292	1292	
924	1	2	3	3	3	1120	421	1292	1292	1292	
925	1	2	3	3	3	1121	425	1292	1292	1292	
926	1	2	3	3	3	1122	429	1292	1292	1292	
927	2	2	3	3	3	1128	433	1292	1292	1292	
928	2	2	3	3	3	1134	437	1292	1292	1292	
929	2	2	3	3	3	1140	441	1292	1292	1292	
930	2	2	3	3	3	1146	445	1292	1292	1292	
931	2	2	3	3	3	1152	449	1292	1292	1292	
932	2	2	3	3	3	1158	453	1292	1292	1292	
933	2	2	3	3	3	1164	480	1292	1292	1292	
934	2	2	3	3	3	1170	542	1292	1292	1292	
935	2	2	3	3	3	1176	546	1292	1292	1292	
936	2	2	3	3	3	1182	550	1292	1292	1292	
937	2	2	3	3	3	1188	554	1292	1292	1292	
938	2	2	3	3	3	1259	558	1292	1292	1292	
939	3	2	3	3	3	1258	562	1292	1292	1292	
940	3	2	3	3	3	1257	566	1292	1292	1292	
941	3	2	3	3	3	1256	570	1292	1292	1292	
942	3	2	3	3	3	1255	574	1292	1292	1292	
943	3	2	3	3	3	1254	578	1292	1292	1292	
944	3	2	3	3	3	1253	582	1292	1292	1292	
945	3	2	3	3	3	1252	598	1292	1292	1292	
946	3	2	3	3	3	1251	615	1292	1292	1292	
947	3	2	3	3	3	1250	621	1292	1292	1292	
948	3	2	3	3	3	1249	627	1292	1292	1292	
949	3	2	3	3	3	1248	633	1292	1292	1292	
950	3	2	3	3	3	1247	639	1292	1292	1292	
951	3	2	3	3	3	1246	645	1292	1292	1292	
952	3	2	3	3	3	1245	651	1292	1292	1292	
953	3	2	3	3	3	1244	657	1292	1292	1292	
954	3	2	3	3	3	1243	663	1292	1292	1292	
955	3	2	3	3	3	1242	669	1292	1292	1292	
956	3	2	3	3	3	1241	675	1292	1292	1292	
957	3	2	3	3	3	1240	704	1292	1292	1292	
958	3	1	3	3	3	1239	705	1292	1292	1292	
959	3	1	3	3	3	1238	706	1292	1292	1292	
960	3	1	3	3	3	1237	707	1292	1292	1292	
961	3	1	3	3	3	1236	708	1292	1292	1292	
962	3	1	3	3	3	1235	709	1292	1292	1292	
963	3	1	3	3	3	1234	710	1292	1292	1292	
964	3	1	3	3	3	1233	711	1292	1292	1292	
965	3	1	3	3	3	1232	712	1292	1292	1292	
966	3	1	3	3	3	1231	713	1292	1292	1292	
967	3	1	3	3	3	1230	714	1292	1292	1292	
968	3	1	3	3	3	1229	715	1292	1292	1292	
969	3	1	3	3	3	1228	716	1292	1292	1292	
970	3	2	3	3	3	1227	767	1292	1292	1292	
971	1	2	3	3	3	1228	771	1292	1292	1292	
972	1	2	3	3	3	1229	775	1292	1292	1292	
973	1	2	3	3	3	1230	779	1292	1292	1292	
974	1	2	3	3	3	1231	783	1292	1292	1292	
975	1	2	3	3	3	1232	787	1292	1292	1292	
976	1	2	3	3	3	1233	791	1292	1292	1292	
977	1	2	3	3	3	1234	795	1292	1292	1292	
978	1	2	3	3	3	1235	799	1292	1292	1292	
979	1	2	3	3	3	1236	803	1292	1292	1292	
980	1	2	3	3	3	1237	807	1292	1292	1292	
981	1	2	3	3	3	1238	846	1292	1292	1292	
982	1	3	3	3	3	1239	845	1292	1292	1292	
983	1	3	3	3	3	1240	844	1292	1292	1292	
984	1	3	3	3	3	1241	843	1292	1292	1292	
985	1	3	3	3	3	1242	842	1292	1292	1292	
986	1	3	3	3	3	1243	841	1292	1292	1292	
987	1	3	3	3	3	1244	840	1292	1292	1292	
988	1	3	3	3	3	1245	839	1292	1292	1292	
989	1	3	3	3	3	1246	838	1292	1292	1292	
990	1	3	3	3	3	1247	837	1292	1292	1292	
991	1	3	3	3	3	1248	836	1292	1292	1292	
992	1	3	3	3	3	1249	835	1292	1292	1292	
993	1	3	3	3	3	1250	834	1292	1292	1292	
994	1	2	3	3	3	1251	885	1292	1292	1292	
995	1	2	3	3	3	1252	889	1292	1292	1292	
996	1	2	3	3	3	1253	893	1292	1292	1292	
997	1	2	3	3	3	1254	897	1292	1292	1292	
998	1	2	3	3	3	1255	901	1292	1292	1292	
999	1	2	3	3	3	1256	905	1292	1292	1292	
1000	1	2	3	3	3	1257	909	1292	1292	1292	
1001	1	2	3	3	3	1258	913	1292	1292	1292	
1002	1	2	3	3	3	1259	917	1292	1292	1292	
1003	1	2	3	3	3	1260	921	1292	1292	1292	
1004	1	2	3	3	3	1261	925	1292	1292	1292	
1005	1	2	3	3	3	1262	960	1292	1292	1292	
1006	1	1	3	3	3	1263	961	1292	1292	1292	
1007	1	1	3	3	3	1264	962	1292	1292	1292	
1008	1	1	3	3	3	1265	963	1292	1292	1292	
1009	1	1	3	3	3	1266	964	1292	1292	1292	
1010	1	1	3	3	3	1267	965	1292	1292	1292	
1011	1	1	3	3	3	1268	966	1292	1292	1292	
1012	1	1	3	3	3	1269	967	1292	1292	1292	
1013	1	1	3	3	3	1270	968	1292	1292	1292	
1014	1	1	3	3	3	1271	969	1292	1292	1292	
1015	0	1	3	3	3	1189	970	1292	1292	1292	
1016	0	1	3	3	3	1183	971	1292	1292	1292	
1017	0	1	3	3	3	1177	972	1292	1292	1292	
1018	0	1	3	3	3	1171	973	1292	1292	1292	
1019	0	1	3	3	3	1165	974	1292	1292	1292	
1020	0	1	3	3	3	1159	975	1292	1292	1292	
1021	0	1	3	3	3	1153	976	1292	1292	1292	
1022	0	1	3	3	3	1147	977	1292	1292	1292	
1023	0	1	3	3	3	1141	978	1292	1292	1292	
1024	0	1	3	3	3	1135	979	1292	1292	1292	
1025	0	1	3	3	3	1129	980	1292	1292	1292	
1026	0	1	3	3	3	1123	981	1292	1292	1292	
1027	0	1	3	3	3	1093	982	1292	1292	1292	
1028	0	1	3	3	3	1087	983	1292	1292	1292	
1029	0	1	3	3	3	1081	984	1292	1292	1292	
1030	0	1	3	3	3	1075	985	1292	1292	1292	
1031	0	1	3	3	3	1069	986	1292	1292	1292	
1032	0	1	3	3	3	1063	987	1292	1292	1292	
1033	0	1	3	3	3	1057	988	1292	1292	1292	
1034	0	1	3	3	3	1051	989	1292	1292	1292	
1035	0	1	3	3	3	1045	990	1292	1292	1292	
1036	0	1	3	3	3	1039	991	1292	1292	1292	
1037	0	1	3	3	3	1033	992	1292	1292	1292	
1038	0	1	3	3	3	1008	993	1292	1292	1292	
1039	1	1	3	3	3	1009	994	1292	1292	1292	
1040	1	1	3	3	3	1010	995	1292	1292	1292	
1041	1	1	3	3	3	1011	996	1292	1292	1292	
1042	1	1	3	3	3	1012	997	1292	1292	1292	
1043	1	1	3	3	3	1013	998	1292	1292	1292	
1044	1	1	3	3	3	1014	999	1292	1292	1292	
1045	1	1	3	3	3	1015	1000	1292	1292	1292	
1046	1	1	3	3	3	1016	1001	1292	1292	1292	
1047	1	1	3	3	3	1017	1002	1292	1292	1292	
1048	1	1	3	3	3	1018	1003	1292	1292	1292	
1049	1	1	3	3	3	1019	1004	1292	1292	1292	
1050	1	1	3	3	3	1020	1005	1292	1292	1292	
1051	0	1	3	3	3	927	1006	1292	1292	1292	
1052	0	1	3	3	3	923	1007	1292	1292	1292	
1053	0	1	3	3	3	919	1008	1292	1292	1292	
1054	0	1	3	3	3	915	1009	1292	1292	1292	
1055	0	1	3	3	3	911	1010	1292	1292	1292	
1056	0	1	3	3	3	907	1011	1292	1292	1292	
1057	0	1	3	3	3	903	1012	1292	1292	1292	
1058	0	1	3	3	3	899	1013	1292	1292	1292	
1059	2	1	3	3	3	903	1014	1292	1292	1292	
1060	2	1	3	3	3	907	1015	1292	1292	1292	
1061	2	1	3	3	3	911	1016	1292	1292	1292	
1062	2	1	3	3	3	915	1017	1292	1292	1292	
1063	2	1	3	3	3	919	1018	1292	1292	1292	
1064	2	1	3	3	3	923	1019	1292	1292	1292	
1065	2	1	3	3	3	927	1020	1292	1292	1292	
1066	1	3	3	3	3	979	1292	1292	1292	1292	
1067	1	3	3	3	3	980	1292	1292	1292	1292	
1068	1	3	3	3	3	981	1292	1292	1292	1292	
1069	1	3	3	3	3	982	1292	1292	1292	1292	
1070	1	3	3	3	3	983	1292	1292	1292	1292	
1071	1	3	3	3	3	984	1292	1292	1292	1292	
1072	1	3	3	3	3	985	1292	1292	1292	1292	
1073	1	3	3	3	3	986	1292	1292	1292	1292	
1074	1	3	3	3	3	987	1292	1292	1292	1292	
1075	1	3	3	3	3	988	1292	1292	1292	1292	
1076	1	3	3	3	3	989	1292	1292	1292	1292	
1077	1	3	3	3	3	990	1292	1292	1292	1292	
1078	1	3	3	3	3	991	1292	1292	1292	1292	
1079	1	3	3	3	3	992	1292	1292	1292	1292	
1080	1	3	3	3	3	993	1292	1292	1292	1292	
1081	1	3	3	3	3	994	1292	1292	1292	1292	
1082	1	3	3	3	3	995	1292	1292	1292	1292	
1083	1	3	3	3	3	996	1292	1292	1292	1292	
1084	1	3	3	3	3	997	1292	1292	1292	1292	
1085	1	3	3	3	3	998	1292	1292	1292	1292	
1086	1	3	3	3	3	999	1292	1292	1292	1292	
1087	1	3	3	3	3	1000	1292	1292	1292	1292	
1088	1	3	3	3	3	1001	1292	1292	1292	1292	
1089	1	3	3	3	3	1002	1292	1292	1292	1292	
1090	1	3	3	3	3	1003	1292	1292	1292	1292	
1091	1	3	3	3	3	1004	1292	1292	1292	1292	
1092	1	3	3	3	3	1005	1292	1292	1292	1292	
1093	1	3	3	3	3	1006	1292	1292	1292	1292	
1094	1	3	3	3	3	1007	1292	1292	1292	1292	
1095	1	3	3	3	3	1008	1292	1292	1292	1292	
1096	1	3	3	3	3	1009	1292	1292	1292	1292	
1097	1	3	3	3	3	1010	1292	1292	1292	1292	
1098	1	3	3	3	3	1011	1292	1292	1292	1292	
1099	1	3	3	3	3	1012	1292	1292	1292	1292	
1100	1	3	3	3	3	1013	1292	1292	1292	1292	
1101	1	3	3	3	3	1014	1292	1292	1292	1292	
1102	1	3	3	3	3	1015	1292	1292	1292	1292	
1103	1	3	3	3	3	1016	1292	1292	1292	1292	
1104	1	3	3	3	3	1017	1292	1292	1292	1292	
1105	1	3	3	3	3	1018	497	1292	1292	1292	
1106	1	3	3	3	3	1019	496	1292	1292	1292	
1107	1	3	3	3	3	1020	495	1292	1292	1292	
1108	1	3	3	3	3	1021	494	1292	1292	1292	
1109	1	3	3	3	3	1022	493	1292	1292	1292	
1110	1	3	3	3	3	1023	492	1292	1292	1292	
1111	1	3	3	3	3	1024	491	1292	1292	1292	
1112	1	3	3	3	3	1025	490	1292	1292	1292	
1113	1	3	3	3	3	1026	489	1292	1292	1292	
1114	1	3	3	3	3	1027	488	1292	1292	1292	
1115	1	3	3	3	3	1028	487	1292	1292	1292	
1116	2	3	3	3	3	1034	486	1292	1292	1292	
1117	2	3	3	3	3	1040	485	1292	1292	1292	
1118	2	3	3	3	3	1046	484	1292	1292	1292	
1119	2	3	3	3	3	1052	483	1292	1292	1292	
1120	2	3	3	3	3	1058	482	1292	1292	1292	
1121	2	3	3	3	3	1064	481	1292	1292	1292	
1122	2	3	3	3	3	1070	480	1292	1292	1292	
1123	2	2	3	3	3	1076	542	1292	1292	1292	
1124	2	2	3	3	3	1082	546	1292	1292	1292	
1125	2	2	3	3	3	1088	550	1292	1292	1292	
1126	2	2	3	3	3	1094	554	1292	1292	1292	
1127	2	2	3	3	3	1124	558	1292	1292	1292	
1128	2	2	3	3	3	1130	562	1292	1292	1292	
1129	2	2	3	3	3	1136	566	1292	1292	1292	
1130	2	2	3	3	3	1142	570	1292	1292	1292	
1131	2	0	3	3	3	1148	566	1292	1292	1292	
1132	0	0	3	3	3	1142	562	1292	1292	1292	
1133	0	0	3	3	3	1136	562	1292	1292	1292	
1134	0	0	3	3	3	1130	558	1292	1292	1292	
1135	0	0	3	3	3	1124	558	1292	1292	1292	
1136	0	0	3	3	3	1094	554	1292	1292	1292	
1137	0	0	3	3	3	1088	554	1292	1292	1292	
1138	0	0	3	3	3	1082	550	1292	1292	1292	
1139	0	0	3	3	3	1076	550	1292	1292	1292	
1140	0	0	3	3	3	1070	546	1292	1292	1292	
1141	0	0	3	3	3	1064	546	1292	1292	1292	
1142	0	0	3	3	3	1058	542	1292	1292	1292	
1143	0	0	3	3	3	1052	542	1292	1292	1292	
1144	0	0	3	3	3	1046	480	1292	1292	1292	
1145	0	0	3	3	3	1040	480	1292	1292	1292	
1146	0	0	3	3	3	1034	453	1292	1292	1292	
1147	0	0	3	3	3	1028	453	1292	1292	1292	
1148	3	0	3	3	3	1027	449	1292	1292	1292	
1149	3	0	3	3	3	1026	449	1292	1292	1292	
1150	3	0	3	3	3	1025	445	1292	1292	1292	
1151	3	0	3	3	3	1024	445	1292	1292	1292	
1152	3	0	3	3	3	1023	441	1292	1292	1292	
1153	3	0	3	3	3	1022	441	1292	1292	1292	
1154	3	0	3	3	3	1021	437	1292	1292	1292	
1155	3	0	3	3	3	1020	437	1292	1292	1292	
1156	0	0	3	3	3	927	433	1292	1292	1292	
1157	0	0	3	3	3	923	433	1292	1292	1292	
1158	0	0	3	3	3	919	429	1292	1292	1292	
1159	0	0	3	3	3	915	429	1292	1292	1292	
1160	0	0	3	3	3	911	425	1292	1292	1292	
1161	0	0	3	3	3	907	425	1292	1292	1292	
1162	0	0	3	3	3	903	421	1292	1292	1292	
1163	0	0	3	3	3	899	421	1292	1292	1292	
1164	0	0	3	3	3	895	417	1292	1292	1292	
1165	0	0	3	3	3	891	417	1292	1292	1292	
1166	0	0	3	3	3	887	413	1292	1292	1292	
1167	0	0	3	3	3	883	413	1292	1292	1292	
1168	0	0	3	3	3	809	361	1292	1292	1292	
1169	0	0	3	3	3	805	361	1292	1292	1292	
1170	0	1	3	3	3	801	362	1292	1292	1292	
1171	0	1	3	3	3	797	362	1292	1292	1292	
1172	0	1	3	3	3	793	363	1292	1292	1292	
1173	0	1	3	3	3	789	363	1292	1292	1292	
1174	0	1	3	3	3	785	364	1292	1292	1292	
1175	0	1	3	3	3	781	364	1292	1292	1292	
1176	0	1	3	3	3	777	365	1292	1292	1292	
1177	0	1	3	3	3	773	365	1292	1292	1292	
1178	0	1	3	3	3	769	366	1292	1292	1292	
1179	0	1	3	3	3	753	366	1292	1292	1292	
1180	1	1	3	3	3	754	367	1292	1292	1292	
1181	1	1	3	3	3	755	367	1292	1292	1292	
1182	1	1	3	3	3	756	368	1292	1292	1292	
1183	1	1	3	3	3	757	368	1292	1292	1292	
1184	1	1	3	3	3	758	369	1292	1292	1292	
1185	1	1	3	3	3	759	369	1292	1292	1292	
1186	1	1	3	3	3	760	370	1292	1292	1292	
1187	1	1	3	3	3	761	370	1292	1292	1292	
1188	1	1	3	3	3	762	371	1292	1292	1292	
1189	1	1	3	3	3	763	371	1292	1292	1292	
1190	1	1	3	3	3	764	372	1292	1292	1292	
1191	1	1	3	3	3	765	372	1292	1292	1292	
1192	1	1	3	3	3	679	373	1292	1292	1292	
1193	1	1	3	3	3	680	373	1292	1292	1292	
1194	1	0	3	3	3	681	332	1292	1292	1292	
1195	1	0	3	3	3	682	332	1292	1292	1292	
1196	1	0	3	3	3	683	326	1292	1292	1292	
1197	1	0	3	3	3	684	326	1292	1292	1292	
1198	1	0	3	3	3	685	320	1292	1292	1292	
1199	1	0	3	3	3	686	320	1292	1292	1292	
1200	1	0	3	3	3	687	314	1292	1292	1292	
1201	1	0	3	3	3	688	314	1292	1292	1292	
1202	1	0	3	3	3	689	308	1292	1292	1292	
1203	1	0	3	3	3	690	308	1292	1292	1292	
1204	1	0	3	3	3	691	302	1292	1292	1292	
1205	0	0	3	3	3	673	302	1292	1292	1292	
1206	0	0	3	3	3	667	296	1292	1292	1292	
1207	0	0	3	3	3	661	296	1292	1292	1292	
1208	0	0	3	3	3	655	290	1292	1292	1292	
1209	0	0	3	3	3	649	290	1292	1292	1292	
1210	0	0	3	3	3	643	284	1292	1292	1292	
1211	0	0	3	3	3	637	284	1292	1292	1292	
1212	0	0	3	3	3	631	278	1292	1292	1292	
1213	0	0	3	3	3	625	278	1292	1292	1292	
1214	0	0	3	3	3	619	272	1292	1292	1292	
1215	0	0	3	3	3	613	272	1292	1292	1292	
1216	0	0	3	3	3	585	266	1292	1292	1292	
1217	0	0	3	3	3	581	266	1292	1292	1292	
1218	0	0	3	3	3	577	260	1292	1292	1292	
1219	0	0	3	3	3	573	260	1292	1292	1292	
1220	0	0	3	3	3	569	254	1292	1292	1292	
1221	0	0	3	3	3	565	254	1292	1292	1292	
1222	0	0	3	3	3	561	248	1292	1292	1292	
1223	0	0	3	3	3	557	248	1292	1292	1292	
1224	0	0	3	3	3	553	189	1292	1292	1292	
1225	0	0	3	3	3	549	189	1292	1292	1292	
1226	0	1	3	3	3	545	190	1292	1292	1292	
1227	0	1	3	3	3	541	190	1292	1292	1292	
1228	0	1	3	3	3	456	191	1292	1292	1292	
1229	1	1	3	3	3	457	191	1292	1292	1292	
1230	1	1	3	3	3	458	192	1292	1292	1292	
1231	1	1	3	3	3	459	192	1292	1292	1292	
1232	1	1	3	3	3	460	193	1292	1292	1292	
1233	1	1	3	3	3	461	193	1292	1292	1292	
1234	1	1	3	3	3	462	194	1292	1292	1292	
1235	1	1	3	3	3	463	194	1292	1292	1292	
1236	1	1	3	3	3	464	195	1292	1292	1292	
1237	1	1	3	3	3	465	195	1292	1292	1292	
1238	1	1	3	3	3	466	196	1292	1292	1292	
1239	1	1	3	3	3	467	196	1292	1292	1292	
1240	1	1	3	3	3	468	197	1292	1292	1292	
1241	1	1	3	3	3	469	197	1292	1292	1292	
1242	1	1	3	3	3	470	198	1292	1292	1292	
1243	1	1	3	3	3	471	198	1292	1292	1292	
1244	1	1	3	3	3	472	199	1292	1292	1292	
1245	1	1	3	3	3	473	199	1292	1292	1292	
1246	1	1	3	3	3	474	200	1292	1292	1292	
1247	1	1	3	3	3	475	200	1292	1292	1292	
1248	1	1	3	3	3	476	201	1292	1292	1292	
1249	1	1	3	3	3	477	201	1292	1292	1292	
1250	1	1	3	3	3	478	202	1292	1292	1292	
1251	1	1	3	3	3	479	202	1292	1292	1292	
1252	1	1	3	3	3	480	203	1292	1292	1292	
1253	0	1	3	3	3	453	203	1292	1292	1292	
1254	0	1	3	3	3	449	204	1292	1292	1292	
1255	0	1	3	3	3	445	204	1292	1292	1292	
1256	0	1	3	3	3	441	205	1292	1292	1292	
1257	0	1	3	3	3	437	205	1292	1292	1292	
1258	0	1	3	3	3	433	206	1292	1292	1292	
1259	0	1	3	3	3	429	206	1292	1292	1292	
1260	0	1	3	3	3	425	207	1292	1292	1292	
1261	0	1	3	3	3	421	207	1292	1292	1292	
1262	0	1	3	3	3	417	208	1292	1292	1292	
1263	0	1	3	3	3	413	208	1292	1292	1292	
1264	0	1	3	3	3	361	209	1292	1292	1292	
1265	1	1	3	3	3	362	209	1292	1292	1292	
1266	1	1	3	3	3	363	210	1292	1292	1292	
1267	1	1	3	3	3	364	210	1292	1292	1292	
1268	1	1	3	3	3	365	211	1292	1292	1292	
1269	1	1	3	3	3	366	211	1292	1292	1292	
1270	1	1	3	3	3	367	212	1292	1292	1292	
1271	1	1	3	3	3	368	212	1292	1292	1292	
1272	1	1	3	3	3	369	213	1292	1292	1292	
1273	1	1	3	3	3	370	213	1292	1292	1292	
1274	1	1	3	3	3	371	214	1292	1292	1292	
1275	1	1	3	3	3	372	214	1292	1292	1292	
1276	1	1	3	3	3	373	215	1292	1292	1292	
1277	0	1	3	3	3	332	215	1292	1292	1292	
1278	0	1	3	3	3	326	216	1292	1292	1292	
1279	0	1	3	3	3	320	216	1292	1292	1292	
1280	0	1	3	3	3	314	217	1292	1292	1292	
1281	0	1	3	3	3	308	217	1292	1292	1292	
1282	0	1	3	3	3	302	218	1292	1292	1292	
1283	0	1	3	3	3	296	218	1292	1292	1292	
1284	0	1	3	3	3	290	219	1292	1292	1292	
1285	0	1	3	3	3	284	219	1292	1292	1292	
1286	0	1	3	3	3	278	220	1292	1292	1292	
1287	0	1	3	3	3	272	220	1292	1292	1292	
1288	0	1	3	3	3	266	221	1292	1292	1292	
1289	0	1	3	3	3	260	221	1292	1292	1292	
1290	0	1	3	3	3	254	222	1292	1292	1292	
1291	0	1	3	3	3	248	222	1292	1292	1292	
1292	0	1	3	3	3	189	223	1292	1292	1292	
1293	1	1	3	3	3	190	223	1292	1292	1292	
1294	1	1	3	3	3	191	224	1292	1292	1292	
1295	1	1	3	3	3	192	224	1292	1292	1292	
1296	1	1	3	3	3	193	225	1292	1292	1292	
1297	1	1	3	3	3	194	225	1292	1292	1292	
1298	1	1	3	3	3	195	226	1292	1292	1292	
1299	1	1	3	3	3	196	226	1292	1292	1292	
1300	1	1	3	3	3	197	227	1292	1292	1292	
1301	1	1	3	3	3	198	227	1292	1292	1292	
1302	1	1	3	3	3	199	228	1292	1292	1292	
1303	1	1	3	3	3	200	228	1292	1292	1292	
1304	1	1	3	3	3	201	229	1292	1292	1292	
1305	1	1	3	3	3	202	229	1292	1292	1292	
1306	1	1	3	3	3	203	230	1292	1292	1292	
1307	1	1	3	3	3	204	230	1292	1292	1292	
1308	1	1	3	3	3	205	231	1292	1292	1292	
1309	1	1	3	3	3	206	231	1292	1292	1292	
1310	1	1	3	3	3	207	232	1292	1292	1292	
1311	1	1	3	3	3	208	232	1292	1292	1292	
1312	1	1	3	3	3	209	233	1292	1292	1292	
1313	1	1	3	3	3	210	233	1292	1292	1292	
1314	1	1	3	3	3	211	234	1292	1292	1292	
1315	1	1	3	3	3	212	234	1292	1292	1292	
1316	1	1	3	3	3	213	235	1292	1292	1292	
1317	1	1	3	3	3	214	235	1292	1292	1292	
1318	1	1	3	3	3	215	236	1292	1292	1292	
1319	1	1	3	3	3	216	236	1292	1292	1292	
1320	1	1	3	3	3	217	237	1292	1292	1292	
1321	1	1	3	3	3	218	237	1292	1292	1292	
1322	1	1	3	3	3	219	238	1292	1292	1292	
1323	1	1	3	3	3	220	238	1292	1292	1292	
1324	1	1	3	3	3	221	239	1292	1292	1292	
1325	1	1	3	3	3	222	239	1292	1292	1292	
1326	1	1	3	3	3	223	240	1292	1292	1292	
1327	1	1	3	3	3	224	240	1292	1292	1292	
1328	1	1	3	3	3	225	241	1292	1292	1292	
1329	1	1	3	3	3	226	241	1292	1292	1292	
1330	1	1	3	3	3	227	242	1292	1292	1292	
1331	1	1	3	3	3	228	243	1292	1292	1292	
1332	1	1	3	3	3	229	244	1292	1292	1292	
1333	1	1	3	3	3	230	245	1292	1292	1292	
1334	1	0	3	3	3	231	144	1292	1292	1292	
1335	1	0	3	3	3	232	138	1292	1292	1292	
1336	1	0	3	3	3	233	132	1292	1292	1292	
1337	3	0	3	3	3	232	126	1292	1292	1292	
1338	3	0	3	3	3	231	120	1292	1292	1292	
1339	3	0	3	3	3	230	114	1292	1292	1292	
1340	3	0	3	3	3	229	108	1292	1292	1292	
1341	3	0	3	3	3	228	102	1292	1292	1292	
1342	3	0	3	3	3	227	96	1292	1292	1292	
1343	3	0	3	3	3	226	90	1292	1292	1292	
1344	3	0	3	3	3	225	84	1292	1292	1292	
1345	2	0	3	3	3	250	78	1292	1292	1292	
1346	2	3	3	3	3	256	77	1292	1292	1292	
1347	2	3	3	3	3	262	76	1292	1292	1292	
1348	2	3	3	3	3	268	75	1292	1292	1292	
1349	2	3	3	3	3	274	74	1292	1292	1292	
1350	2	3	3	3	3	280	73	1292	1292	1292	
1351	2	3	3	3	3	286	72	1292	1292	1292	
1352	2	3	3	3	3	292	71	1292	1292	1292	
1353	2	3	3	3	3	298	70	1292	1292	1292	
1354	2	3	3	3	3	304	69	1292	1292	1292	
1355	2	3	3	3	3	310	68	1292	1292	1292	
1356	2	3	3	3	3	316	67	1292	1292	1292	
1357	2	3	3	3	3	322	66	1292	1292	1292	
1358	2	3	3	3	3	328	65	1292	1292	1292	
1359	2	3	3	3	3	334	64	1292	1292	1292	
1360	2	3	3	3	3	398	63	1292	1292	1292	
1361	3	3	3	3	3	397	62	1292	1292	1292	
1362	3	3	3	3	3	396	61	1292	1292	1292	
1363	3	3	3	3	3	395	60	1292	1292	1292	
1364	3	3	3	3	3	394	59	1292	1292	1292	
1365	3	3	3	3	3	393	58	1292	1292	1292	
1366	3	2	3	3	3	392	83	1292	1292	1292	
1367	3	2	3	3	3	391	89	1292	1292	1292	
1368	3	2	3	3	3	390	95	1292	1292	1292	
1369	3	2	3	3	3	389	101	1292	1292	1292	
1370	3	2	3	3	3	388	107	1292	1292	1292	
1371	3	2	3	3	3	387	113	1292	1292	1292	
1372	3	2	3	3	3	386	119	1292	1292	1292	
1373	3	2	3	3	3	385	125	1292	1292	1292	
1374	3	2	3	3	3	384	131	1292	1292	1292	
1375	3	2	3	3	3	383	137	1292	1292	1292	
1376	3	2	3	3	3	382	143	1292	1292	1292	
1377	3	2	3	3	3	381	225	1292	1292	1292	
1378	3	3	3	3	3	380	224	1292	1292	1292	
1379	3	3	3	3	3	379	223	1292	1292	1292	
1380	3	3	3	3	3	378	222	1292	1292	1292	
1381	3	3	3	3	3	377	221	1292	1292	1292	
1382	3	3	3	3	3	376	220	1292	1292	1292	
1383	3	3	3	3	3	375	219	1292	1292	1292	
1384	3	3	3	3	3	374	218	1292	1292	1292	
1385	0	3	3	3	3	333	217	1292	1292	1292	
1386	0	3	3	3	3	327	216	1292	1292	1292	
1387	0	3	3	3	3	321	215	1292	1292	1292	
1388	0	3	3	3	3	315	214	1292	1292	1292	
1389	0	3	3	3	3	309	213	1292	1292	1292	
1390	0	3	3	3	3	303	212	1292	1292	1292	
1391	0	3	3	3	3	297	211	1292	1292	1292	
1392	0	3	3	3	3	291	210	1292	1292	1292	
1393	0	3	3	3	3	285	209	1292	1292	1292	
1394	0	3	3	3	3	279	208	1292	1292	1292	
1395	0	3	3	3	3	273	207	1292	1292	1292	
1396	0	3	3	3	3	267	206	1292	1292	1292	
1397	2	3	3	3	3	273	205	1292	1292	1292	
1398	2	3	3	3	3	279	204	1292	1292	1292	
1399	2	3	3	3	3	285	203	1292	1292	1292	
1400	2	3	3	3	3	291	202	1292	1292	1292	
1401	2	3	3	3	3	297	201	1292	1292	1292	
1402	2	2	3	3	3	303	249	1292	1292	1292	
1403	2	2	3	3	3	309	255	1292	1292	1292	
1404	2	2	3	3	3	315	261	1292	1292	1292	
1405	2	2	3	3	3	321	267	1292	1292	1292	
1406	2	2	3	3	3	327	273	1292	1292	1292	
1407	2	2	3	3	3	333	279	1292	1292	1292	
1408	2	2	3	3	3	374	285	1292	1292	1292	
1409	1	2	3	3	3	375	291	1292	1292	1292	
1410	1	2	3	3	3	376	297	1292	1292	1292	
1411	1	2	3	3	3	377	303	1292	1292	1292	
1412	1	2	3	3	3	378	309	1292	1292	1292	
1413	1	2	3	3	3	379	315	1292	1292	1292	
1414	1	2	3	3	3	380	321	1292	1292	1292	
1415	1	2	3	3	3	381	327	1292	1292	1292	
1416	1	2	3	3	3	382	333	1292	1292	1292	
1417	1	2	3	3	3	383	374	1292	1292	1292	
1418	1	1	3	3	3	384	375	1292	1292	1292	
1419	1	1	3	3	3	385	376	1292	1292	1292	
1420	1	1	3	3	3	386	377	1292	1292	1292	
1421	1	1	3	3	3	387	378	1292	1292	1292	
1422	1	1	3	3	3	388	379	1292	1292	1292	
1423	1	1	3	3	3	389	380	1292	1292	1292	
1424	1	1	3	3	3	390	381	1292	1292	1292	
1425	1	1	3	3	3	391	382	1292	1292	1292	
1426	1	1	3	3	3	392	383	1292	1292	1292	
1427	1	1	3	3	3	393	384	1292	1292	1292	
1428	1	1	3	3	3	394	385	1292	1292	1292	
1429	1	1	3	3	3	395	386	1292	1292	1292	
1430	1	1	3	3	3	396	387	1292	1292	1292	
1431	1	1	3	3	3	397	388	1292	1292	1292	
1432	1	1	3	3	3	398	389	1292	1292	1292	
1433	0	1	3	3	3	334	390	1292	1292	1292	
1434	0	1	3	3	3	328	391	1292	1292	1292	
1435	0	1	3	3	3	322	392	1292	1292	1292	
1436	0	1	3	3	3	316	393	1292	1292	1292	
1437	0	1	3	3	3	310	394	1292	1292	1292	
1438	0	1	3	3	3	304	395	1292	1292	1292	
1439	0	1	3	3	3	298	396	1292	1292	1292	
1440	0	1	3	3	3	292	397	1292	1292	1292	
1441	0	1	3	3	3	286	398	1292	1292	1292	
1442	0	0	3	3	3	280	334	1292	1292	1292	
1443	0	0	3	3	3	274	328	1292	1292	1292	
1444	0	0	3	3	3	268	322	1292	1292	1292	
1445	0	0	3	3	3	262	316	1292	1292	1292	
1446	0	0	3	3	3	256	310	1292	1292	1292	
1447	0	0	3	3	3	250	304	1292	1292	1292	
1448	0	0	3	3	3	225	298	1292	1292	1292	
1449	0	0	3	3	3	143	292	1292	1292	1292	
1450	0	0	3	3	3	137	286	1292	1292	1292	
1451	0	0	3	3	3	131	280	1292	1292	1292	
1452	0	0	3	3	3	125	274	1292	1292	1292	
1453	0	0	3	3	3	119	268	1292	1292	1292	
1454	0	0	3	3	3	113	262	1292	1292	1292	
1455	0	0	3	3	3	107	256	1292	1292	1292	
1456	0	0	3	3	3	101	250	1292	1292	1292	
1457	0	0	3	3	3	95	225	1292	1292	1292	
1458	0	0	3	3	3	89	143	1292	1292	1292	
1459	0	0	3	3	3	83	137	1292	1292	1292	
1460	0	0	3	3	3	58	131	1292	1292	1292	
1461	1	0	3	3	3	59	125	1292	1292	1292	
1462	1	0	3	3	3	60	119	1292	1292	1292	
1463	1	0	3	3	3	61	113	1292	1292	1292	
1464	1	0	3	3	3	62	107	1292	1292	1292	
1465	1	0	3	3	3	63	101	1292	1292	1292	
1466	1	0	3	3	3	64	95	1292	1292	1292	
1467	1	0	3	3	3	65	89	1292	1292	1292	
1468	1	0	3	3	3	66	83	1292	1292	1292	
1469	1	0	3	3	3	67	58	1292	1292	1292	
1470	1	1	3	3	3	68	59	1292	1292	1292	
1471	1	1	3	3	3	69	60	1292	1292	1292	
1472	1	1	3	3	3	70	61	1292	1292	1292	
1473	1	1	3	3	3	71	62	1292	1292	1292	
1474	1	1	3	3	3	72	63	1292	1292	1292	
1475	1	1	3	3	3	73	64	1292	1292	1292	
1476	1	1	3	3	3	74	65	1292	1292	1292	
1477	1	1	3	3	3	75	66	1292	1292	1292	
1478	1	1	3	3	3	76	67	1292	1292	1292	
1479	1	1	3	3	3	77	68	1292	1292	1292	
1480	1	1	3	3	3	78	69	1292	1292	1292	
1481	2	1	3	3	3	84	70	1292	1292	1292	
1482	2	1	3	3	3	90	71	1292	1292	1292	
1483	2	1	3	3	3	96	72	1292	1292	1292	
1484	2	1	3	3	3	102	73	1292	1292	1292	
1485	2	1	3	3	3	108	74	1292	1292	1292	
1486	2	1	3	3	3	114	75	1292	1292	1292	
1487	2	1	3	3	3	120	76	1292	1292	1292	
1488	2	1	3	3	3	126	77	1292	1292	1292	
1489	2	1	3	3	3	132	78	1292	1292	1292	
1490	2	2	3	3	3	138	84	1292	1292	1292	
1491	2	2	3	3	3	144	90	1292	1292	1292	
1492	2	2	3	3	3	245	96	1292	1292	1292	
1493	3	2	3	3	3	244	102	1292	1292	1292	
1494	3	2	3	3	3	243	108	1292	1292	1292	
1495	3	2	3	3	3	242	114	1292	1292	1292	
1496	3	2	3	3	3	241	120	1292	1292	1292	
1497	3	2	3	3	3	240	126	1292	1292	1292	
1498	3	2	3	3	3	239	132	1292	1292	1292	
1499	3	2	3	3	3	238	138	1292	1292	1292	
1500	3	2	3	3	3	237	144	1292	1292	1292	
1501	2	2	3	3	3	251	245	1292	1292	1292	
1502	2	3	3	3	3	257	244	1292	1292	1292	
1503	2	3	3	3	3	263	243	1292	1292	1292	
1504	2	3	3	3	3	269	242	1292	1292	1292	
1505	2	3	3	3	3	275	241	1292	1292	1292	
1506	2	3	3	3	3	281	240	1292	1292	1292	
1507	2	3	3	3	3	287	239	1292	1292	1292	
1508	2	3	3	3	3	293	238	1292	1292	1292	
1509	2	3	3	3	3	299	237	1292	1292	1292	
1510	2	2	3	3	3	305	251	1292	1292	1292	
1511	2	2	3	3	3	311	257	1292	1292	1292	
1512	2	2	3	3	3	317	263	1292	1292	1292	
1513	2	2	3	3	3	323	269	1292	1292	1292	
1514	2	2	3	3	3	329	275	1292	1292	1292	
1515	2	2	3	3	3	335	281	1292	1292	1292	
1516	2	2	3	3	3	399	287	1292	1292	1292	
1517	2	2	3	3	3	415	293	1292	1292	1292	
1518	2	2	3	3	3	419	299	1292	1292	1292	
1519	2	2	3	3	3	423	305	1292	1292	1292	
1520	2	2	3	3	3	427	311	1292	1292	1292	
1521	2	2	3	3	3	431	317	1292	1292	1292	
1522	2	2	3	3	3	435	323	1292	1292	1292	
1523	2	2	3	3	3	439	329	1292	1292	1292	
1524	2	2	3	3	3	443	335	1292	1292	1292	
1525	2	2	3	3	3	447	399	1292	1292	1292	
1526	2	2	3	3	3	451	415	1292	1292	1292	
1527	2	2	3	3	3	455	419	1292	1292	1292	
1528	2	2	3	3	3	540	423	1292	1292	1292	
1529	2	2	3	3	3	544	427	1292	1292	1292	
1530	2	2	3	3	3	548	431	1292	1292	1292	
1531	2	2	3	3	3	552	435	1292	1292	1292	
1532	2	2	3	3	3	556	439	1292	1292	1292	
1533	2	2	3	3	3	560	443	1292	1292	1292	
1534	2	2	3	3	3	564	447	1292	1292	1292	
1535	2	2	3	3	3	568	451	1292	1292	1292	
1536	2	2	3	3	3	572	455	1292	1292	1292	
1537	2	2	3	3	3	576	540	1292	1292	1292	
1538	2	2	3	3	3	580	544	1292	1292	1292	
1539	2	2	3	3	3	584	548	1292	1292	1292	
1540	2	2	3	3	3	612	552	1292	1292	1292	
1541	2	2	3	3	3	618	556	1292	1292	1292	
1542	2	2	3	3	3	624	560	1292	1292	1292	
1543	2	2	3	3	3	630	564	1292	1292	1292	
1544	2	2	3	3	3	636	568	1292	1292	1292	
1545	2	2	3	3	3	642	572	1292	1292	1292	
1546	2	2	3	3	3	648	576	1292	1292	1292	
1547	2	2	3	3	3	654	580	1292	1292	1292	
1548	2	2	3	3	3	660	584	1292	1292	1292	
1549	2	2	3	3	3	666	612	1292	1292	1292	
1550	2	2	3	3	3	672	618	1292	1292	1292	
1551	2	2	3	3	3	678	624	1292	1292	1292	
1552	2	2	3	3	3	753	630	1292	1292	1292	
1553	2	2	3	3	3	769	636	1292	1292	1292	
1554	2	2	3	3	3	773	642	1292	1292	1292	
1555	2	2	3	3	3	777	648	1292	1292	1292	
1556	2	2	3	3	3	781	654	1292	1292	1292	
1557	2	2	3	3	3	785	660	1292	1292	1292	
1558	2	2	3	3	3	789	666	1292	1292	1292	
1559	2	2	3	3	3	793	672	1292	1292	1292	
1560	2	2	3	3	3	797	678	1292	1292	1292	
1561	2	2	3	3	3	801	753	1292	1292	1292	
1562	2	2	3	3	3	805	769	1292	1292	1292	
1563	2	2	3	3	3	809	773	1292	1292	1292	
1564	2	2	3	3	3	883	777	1292	1292	1292	
1565	2	2	3	3	3	887	781	1292	1292	1292	
1566	2	2	3	3	3	891	785	1292	1292	1292	
1567	2	2	3	3	3	895	789	1292	1292	1292	
1568	2	2	3	3	3	899	793	1292	1292	1292	
1569	2	2	3	3	3	903	797	1292	1292	1292	
1570	2	2	3	3	3	907	801	1292	1292	1292	
1571	2	2	3	3	3	911	805	1292	1292	1292	
1572	2	2	3	3	3	915	809	1292	1292	1292	
1573	2	2	3	3	3	919	883	1292	1292	1292	
1574	2	2	3	3	3	923	887	1292	1292	1292	
1575	2	2	3	3	3	927	891	1292	1292	1292	
1576	2	2	3	3	3	1020	895	1292	1292	1292	
1577	1	2	3	3	3	1021	899	1292	1292	1292	
1578	1	2	3	3	3	1022	903	1292	1292	1292	
1579	1	2	3	3	3	1023	907	1292	1292	1292	
1580	1	2	3	3	3	1024	911	1292	1292	1292	
1581	1	2	3	3	3	1025	915	1292	1292	1292	
1582	1	2	3	3	3	1026	919	1292	1292	1292	
1583	1	2	3	3	3	1027	923	1292	1292	1292	
1584	1	2	3	3	3	1028	927	1292	1292	1292	
1585	2	2	3	3	3	1034	1020	1292	1292	1292	
1586	2	1	3	3	3	1040	1021	1292	1292	1292	
1587	2	1	3	3	3	1046	1022	1292	1292	1292	
1588	2	1	3	3	3	1052	1023	1292	1292	1292	
1589	2	1	3	3	3	1058	1024	1292	1292	1292	
1590	2	1	3	3	3	1064	1025	1292	1292	1292	
1591	2	1	3	3	3	1070	1026	1292	1292	1292	
1592	2	1	3	3	3	1076	1027	1292	1292	1292	
1593	2	1	3	3	3	1082	1028	1292	1292	1292	
1594	2	2	3	3	3	1088	1034	1292	1292	1292	
1595	2	2	3	3	3	1094	1040	1292	1292	1292	
1596	2	2	3	3	3	1124	1046	1292	1292	1292	
1597	2	2	3	3	3	1130	1052	1292	1292	1292	
1598	2	2	3	3	3	1136	1058	1292	1292	1292	
1599	2	2	3	3	3	1142	1064	1292	1292	1292	
1600	2	2	3	3	3	1148	1070	1292	1292	1292	
1601	2	2	3	3	3	1154	1076	1292	1292	1292	
1602	2	2	3	3	3	1160	1082	1292	1292	1292	
1603	2	2	3	3	3	1166	1088	1292	1292	1292	
1604	2	2	3	3	3	1172	1094	1292	1292	1292	
1605	2	2	3	3	3	1178	1124	1292	1292	1292	
1606	2	2	3	3	3	1184	1130	1292	1292	1292	
1607	2	2	3	3	3	1190	1136	1292	1292	1292	
1608	2	2	3	3	3	1291	1142	1292	1292	1292	
1609	3	2	3	3	3	1290	1148	1292	1292	1292	
1610	3	2	3	3	3	1289	1154	1292	1292	1292	
1611	3	2	3	3	3	1288	1160	1292	1292	1292	
1612	3	2	3	3	3	1287	1166	1292	1292	1292	
1613	3	2	3	3	3	1286	1172	1292	1292	1292	
1614	3	2	3	3	3	1285	1178	1292	1292	1292	
1615	3	2	3	3	3	1284	1184	1292	1292	1292	
1616	3	2	3	3	3	1283	1190	1292	1292	1292	
1617	3	2	3	3	3	1282	1291	1292	1292	1292	
1618	3	3	3	3	3	1281	1290	1292	1292	1292	
1619	3	3	3	3	3	1280	1289	1292	1292	1292	
1620	3	3	3	3	3	1279	1288	1292	1292	1292	
1621	3	3	3	3	3	1278	1287	1292	1292	1292	
1622	3	3	3	3	3	1277	1286	1292	1292	1292	
1623	3	3	3	3	3	1276	1285	1292	1292	1292	
1624	3	3	3	3	3	1275	1284	1292	1292	1292	
